{"/home/pyot/RiderProjects/WebExeStarter/interface/src/App.tsx": {"path":"/home/pyot/RiderProjects/WebExeStarter/interface/src/App.tsx","all":true,"statementMap":{"0":{"start":{"line":1,"column":0},"end":{"line":1,"column":53}},"3":{"start":{"line":4,"column":0},"end":{"line":4,"column":8}},"12":{"start":{"line":13,"column":0},"end":{"line":13,"column":65}},"13":{"start":{"line":14,"column":0},"end":{"line":14,"column":59}},"14":{"start":{"line":15,"column":0},"end":{"line":15,"column":56}},"15":{"start":{"line":16,"column":0},"end":{"line":16,"column":58}},"16":{"start":{"line":17,"column":0},"end":{"line":17,"column":54}},"17":{"start":{"line":18,"column":0},"end":{"line":18,"column":56}},"18":{"start":{"line":19,"column":0},"end":{"line":19,"column":64}},"19":{"start":{"line":20,"column":0},"end":{"line":20,"column":44}},"20":{"start":{"line":21,"column":0},"end":{"line":21,"column":68}},"36":{"start":{"line":37,"column":0},"end":{"line":37,"column":160}},"37":{"start":{"line":38,"column":0},"end":{"line":38,"column":8}},"45":{"start":{"line":46,"column":0},"end":{"line":46,"column":31}},"46":{"start":{"line":47,"column":0},"end":{"line":47,"column":49}},"47":{"start":{"line":48,"column":0},"end":{"line":48,"column":56}},"48":{"start":{"line":49,"column":0},"end":{"line":49,"column":50}},"49":{"start":{"line":50,"column":0},"end":{"line":50,"column":53}},"50":{"start":{"line":51,"column":0},"end":{"line":51,"column":42}},"51":{"start":{"line":52,"column":0},"end":{"line":52,"column":43}},"52":{"start":{"line":53,"column":0},"end":{"line":53,"column":52}},"53":{"start":{"line":54,"column":0},"end":{"line":54,"column":70}},"54":{"start":{"line":55,"column":0},"end":{"line":55,"column":19}},"55":{"start":{"line":56,"column":0},"end":{"line":56,"column":20}},"56":{"start":{"line":57,"column":0},"end":{"line":57,"column":23}},"57":{"start":{"line":58,"column":0},"end":{"line":58,"column":23}},"58":{"start":{"line":59,"column":0},"end":{"line":59,"column":50}},"59":{"start":{"line":60,"column":0},"end":{"line":60,"column":47}},"60":{"start":{"line":61,"column":0},"end":{"line":61,"column":5}},"61":{"start":{"line":62,"column":0},"end":{"line":62,"column":57}},"62":{"start":{"line":63,"column":0},"end":{"line":63,"column":74}},"63":{"start":{"line":64,"column":0},"end":{"line":64,"column":61}},"64":{"start":{"line":65,"column":0},"end":{"line":65,"column":73}},"65":{"start":{"line":66,"column":0},"end":{"line":66,"column":66}},"66":{"start":{"line":67,"column":0},"end":{"line":67,"column":68}},"68":{"start":{"line":69,"column":0},"end":{"line":69,"column":78}},"69":{"start":{"line":70,"column":0},"end":{"line":70,"column":30}},"70":{"start":{"line":71,"column":0},"end":{"line":71,"column":69}},"71":{"start":{"line":72,"column":0},"end":{"line":72,"column":30}},"72":{"start":{"line":73,"column":0},"end":{"line":73,"column":4}},"74":{"start":{"line":75,"column":0},"end":{"line":75,"column":53}},"75":{"start":{"line":76,"column":0},"end":{"line":76,"column":55}},"76":{"start":{"line":77,"column":0},"end":{"line":77,"column":79}},"77":{"start":{"line":78,"column":0},"end":{"line":78,"column":63}},"78":{"start":{"line":79,"column":0},"end":{"line":79,"column":61}},"79":{"start":{"line":80,"column":0},"end":{"line":80,"column":74}},"80":{"start":{"line":81,"column":0},"end":{"line":81,"column":68}},"81":{"start":{"line":82,"column":0},"end":{"line":82,"column":66}},"82":{"start":{"line":83,"column":0},"end":{"line":83,"column":72}},"83":{"start":{"line":84,"column":0},"end":{"line":84,"column":65}},"84":{"start":{"line":85,"column":0},"end":{"line":85,"column":86}},"85":{"start":{"line":86,"column":0},"end":{"line":86,"column":94}},"87":{"start":{"line":88,"column":0},"end":{"line":88,"column":80}},"88":{"start":{"line":89,"column":0},"end":{"line":89,"column":94}},"89":{"start":{"line":90,"column":0},"end":{"line":90,"column":90}},"90":{"start":{"line":91,"column":0},"end":{"line":91,"column":105}},"91":{"start":{"line":92,"column":0},"end":{"line":92,"column":101}},"92":{"start":{"line":93,"column":0},"end":{"line":93,"column":74}},"93":{"start":{"line":94,"column":0},"end":{"line":94,"column":66}},"94":{"start":{"line":95,"column":0},"end":{"line":95,"column":61}},"95":{"start":{"line":96,"column":0},"end":{"line":96,"column":63}},"96":{"start":{"line":97,"column":0},"end":{"line":97,"column":79}},"98":{"start":{"line":99,"column":0},"end":{"line":99,"column":57}},"99":{"start":{"line":100,"column":0},"end":{"line":100,"column":59}},"100":{"start":{"line":101,"column":0},"end":{"line":101,"column":83}},"101":{"start":{"line":102,"column":0},"end":{"line":102,"column":86}},"102":{"start":{"line":103,"column":0},"end":{"line":103,"column":74}},"103":{"start":{"line":104,"column":0},"end":{"line":104,"column":83}},"104":{"start":{"line":105,"column":0},"end":{"line":105,"column":61}},"105":{"start":{"line":106,"column":0},"end":{"line":106,"column":63}},"107":{"start":{"line":108,"column":0},"end":{"line":108,"column":76}},"108":{"start":{"line":109,"column":0},"end":{"line":109,"column":70}},"109":{"start":{"line":110,"column":0},"end":{"line":110,"column":62}},"110":{"start":{"line":111,"column":0},"end":{"line":111,"column":97}},"111":{"start":{"line":112,"column":0},"end":{"line":112,"column":75}},"113":{"start":{"line":114,"column":0},"end":{"line":114,"column":60}},"114":{"start":{"line":115,"column":0},"end":{"line":115,"column":24}},"115":{"start":{"line":116,"column":0},"end":{"line":116,"column":5}},"116":{"start":{"line":117,"column":0},"end":{"line":117,"column":81}},"118":{"start":{"line":119,"column":0},"end":{"line":119,"column":37}},"119":{"start":{"line":120,"column":0},"end":{"line":120,"column":69}},"120":{"start":{"line":121,"column":0},"end":{"line":121,"column":18}},"121":{"start":{"line":122,"column":0},"end":{"line":122,"column":4}},"123":{"start":{"line":124,"column":0},"end":{"line":124,"column":36}},"124":{"start":{"line":125,"column":0},"end":{"line":125,"column":81}},"125":{"start":{"line":126,"column":0},"end":{"line":126,"column":59}},"126":{"start":{"line":127,"column":0},"end":{"line":127,"column":4}},"128":{"start":{"line":129,"column":0},"end":{"line":129,"column":38}},"129":{"start":{"line":130,"column":0},"end":{"line":130,"column":79}},"130":{"start":{"line":131,"column":0},"end":{"line":131,"column":57}},"131":{"start":{"line":132,"column":0},"end":{"line":132,"column":4}},"133":{"start":{"line":134,"column":0},"end":{"line":134,"column":36}},"134":{"start":{"line":135,"column":0},"end":{"line":135,"column":107}},"135":{"start":{"line":136,"column":0},"end":{"line":136,"column":19}},"136":{"start":{"line":137,"column":0},"end":{"line":137,"column":4}},"138":{"start":{"line":139,"column":0},"end":{"line":139,"column":39}},"139":{"start":{"line":140,"column":0},"end":{"line":140,"column":147}},"140":{"start":{"line":141,"column":0},"end":{"line":141,"column":20}},"141":{"start":{"line":142,"column":0},"end":{"line":142,"column":4}},"143":{"start":{"line":144,"column":0},"end":{"line":144,"column":66}},"144":{"start":{"line":145,"column":0},"end":{"line":145,"column":43}},"145":{"start":{"line":146,"column":0},"end":{"line":146,"column":39}},"146":{"start":{"line":147,"column":0},"end":{"line":147,"column":89}},"147":{"start":{"line":148,"column":0},"end":{"line":148,"column":6}},"148":{"start":{"line":149,"column":0},"end":{"line":149,"column":3}},"150":{"start":{"line":151,"column":0},"end":{"line":151,"column":68}},"151":{"start":{"line":152,"column":0},"end":{"line":152,"column":43}},"152":{"start":{"line":153,"column":0},"end":{"line":153,"column":41}},"153":{"start":{"line":154,"column":0},"end":{"line":154,"column":89}},"154":{"start":{"line":155,"column":0},"end":{"line":155,"column":6}},"155":{"start":{"line":156,"column":0},"end":{"line":156,"column":3}},"157":{"start":{"line":158,"column":0},"end":{"line":158,"column":83}},"158":{"start":{"line":159,"column":0},"end":{"line":159,"column":65}},"159":{"start":{"line":160,"column":0},"end":{"line":160,"column":3}},"161":{"start":{"line":162,"column":0},"end":{"line":162,"column":87}},"162":{"start":{"line":163,"column":0},"end":{"line":163,"column":69}},"163":{"start":{"line":164,"column":0},"end":{"line":164,"column":3}},"165":{"start":{"line":166,"column":0},"end":{"line":166,"column":48}},"166":{"start":{"line":167,"column":0},"end":{"line":167,"column":51}},"167":{"start":{"line":168,"column":0},"end":{"line":168,"column":92}},"168":{"start":{"line":169,"column":0},"end":{"line":169,"column":32}},"169":{"start":{"line":170,"column":0},"end":{"line":170,"column":45}},"170":{"start":{"line":171,"column":0},"end":{"line":171,"column":38}},"171":{"start":{"line":172,"column":0},"end":{"line":172,"column":38}},"172":{"start":{"line":173,"column":0},"end":{"line":173,"column":48}},"173":{"start":{"line":174,"column":0},"end":{"line":174,"column":9}},"174":{"start":{"line":175,"column":0},"end":{"line":175,"column":32}},"175":{"start":{"line":176,"column":0},"end":{"line":176,"column":9}},"176":{"start":{"line":177,"column":0},"end":{"line":177,"column":13}},"177":{"start":{"line":178,"column":0},"end":{"line":178,"column":5}},"178":{"start":{"line":179,"column":0},"end":{"line":179,"column":43}},"179":{"start":{"line":180,"column":0},"end":{"line":180,"column":36}},"180":{"start":{"line":181,"column":0},"end":{"line":181,"column":36}},"181":{"start":{"line":182,"column":0},"end":{"line":182,"column":49}},"182":{"start":{"line":183,"column":0},"end":{"line":183,"column":7}},"183":{"start":{"line":184,"column":0},"end":{"line":184,"column":30}},"184":{"start":{"line":185,"column":0},"end":{"line":185,"column":7}},"185":{"start":{"line":186,"column":0},"end":{"line":186,"column":3}},"187":{"start":{"line":188,"column":0},"end":{"line":188,"column":52}},"188":{"start":{"line":189,"column":0},"end":{"line":189,"column":58}},"189":{"start":{"line":190,"column":0},"end":{"line":190,"column":35}},"190":{"start":{"line":191,"column":0},"end":{"line":191,"column":45}},"191":{"start":{"line":192,"column":0},"end":{"line":192,"column":38}},"192":{"start":{"line":193,"column":0},"end":{"line":193,"column":51}},"193":{"start":{"line":194,"column":0},"end":{"line":194,"column":47}},"194":{"start":{"line":195,"column":0},"end":{"line":195,"column":9}},"195":{"start":{"line":196,"column":0},"end":{"line":196,"column":32}},"196":{"start":{"line":197,"column":0},"end":{"line":197,"column":9}},"197":{"start":{"line":198,"column":0},"end":{"line":198,"column":13}},"198":{"start":{"line":199,"column":0},"end":{"line":199,"column":5}},"199":{"start":{"line":200,"column":0},"end":{"line":200,"column":43}},"200":{"start":{"line":201,"column":0},"end":{"line":201,"column":36}},"201":{"start":{"line":202,"column":0},"end":{"line":202,"column":49}},"202":{"start":{"line":203,"column":0},"end":{"line":203,"column":48}},"203":{"start":{"line":204,"column":0},"end":{"line":204,"column":7}},"204":{"start":{"line":205,"column":0},"end":{"line":205,"column":30}},"205":{"start":{"line":206,"column":0},"end":{"line":206,"column":7}},"206":{"start":{"line":207,"column":0},"end":{"line":207,"column":3}},"208":{"start":{"line":209,"column":0},"end":{"line":209,"column":57}},"209":{"start":{"line":210,"column":0},"end":{"line":210,"column":36}},"210":{"start":{"line":211,"column":0},"end":{"line":211,"column":38}},"211":{"start":{"line":212,"column":0},"end":{"line":212,"column":31}},"212":{"start":{"line":213,"column":0},"end":{"line":213,"column":3}},"214":{"start":{"line":215,"column":0},"end":{"line":215,"column":19}},"215":{"start":{"line":216,"column":0},"end":{"line":216,"column":20}},"216":{"start":{"line":217,"column":0},"end":{"line":217,"column":9}},"218":{"start":{"line":219,"column":0},"end":{"line":219,"column":19}},"219":{"start":{"line":220,"column":0},"end":{"line":220,"column":67}},"220":{"start":{"line":221,"column":0},"end":{"line":221,"column":16}},"221":{"start":{"line":222,"column":0},"end":{"line":222,"column":32}},"222":{"start":{"line":223,"column":0},"end":{"line":223,"column":5}},"223":{"start":{"line":224,"column":0},"end":{"line":224,"column":80}},"224":{"start":{"line":225,"column":0},"end":{"line":225,"column":31}},"225":{"start":{"line":226,"column":0},"end":{"line":226,"column":54}},"226":{"start":{"line":227,"column":0},"end":{"line":227,"column":5}},"227":{"start":{"line":228,"column":0},"end":{"line":228,"column":74}},"228":{"start":{"line":229,"column":0},"end":{"line":229,"column":28}},"229":{"start":{"line":230,"column":0},"end":{"line":230,"column":38}},"230":{"start":{"line":231,"column":0},"end":{"line":231,"column":34}},"231":{"start":{"line":232,"column":0},"end":{"line":232,"column":38}},"232":{"start":{"line":233,"column":0},"end":{"line":233,"column":7}},"233":{"start":{"line":234,"column":0},"end":{"line":234,"column":5}},"234":{"start":{"line":235,"column":0},"end":{"line":235,"column":87}},"235":{"start":{"line":236,"column":0},"end":{"line":236,"column":75}},"236":{"start":{"line":237,"column":0},"end":{"line":237,"column":42}},"237":{"start":{"line":238,"column":0},"end":{"line":238,"column":5}},"238":{"start":{"line":239,"column":0},"end":{"line":239,"column":9}},"240":{"start":{"line":241,"column":0},"end":{"line":241,"column":19}},"241":{"start":{"line":242,"column":0},"end":{"line":242,"column":75}},"242":{"start":{"line":243,"column":0},"end":{"line":243,"column":44}},"243":{"start":{"line":244,"column":0},"end":{"line":244,"column":5}},"244":{"start":{"line":245,"column":0},"end":{"line":245,"column":30}},"246":{"start":{"line":247,"column":0},"end":{"line":247,"column":19}},"247":{"start":{"line":248,"column":0},"end":{"line":248,"column":77}},"248":{"start":{"line":249,"column":0},"end":{"line":249,"column":30}},"249":{"start":{"line":250,"column":0},"end":{"line":250,"column":13}},"250":{"start":{"line":251,"column":0},"end":{"line":251,"column":5}},"251":{"start":{"line":252,"column":0},"end":{"line":252,"column":43}},"252":{"start":{"line":253,"column":0},"end":{"line":253,"column":34}},"253":{"start":{"line":254,"column":0},"end":{"line":254,"column":12}},"254":{"start":{"line":255,"column":0},"end":{"line":255,"column":44}},"255":{"start":{"line":256,"column":0},"end":{"line":256,"column":90}},"257":{"start":{"line":258,"column":0},"end":{"line":258,"column":19}},"258":{"start":{"line":259,"column":0},"end":{"line":259,"column":80}},"259":{"start":{"line":260,"column":0},"end":{"line":260,"column":36}},"260":{"start":{"line":261,"column":0},"end":{"line":261,"column":13}},"261":{"start":{"line":262,"column":0},"end":{"line":262,"column":5}},"262":{"start":{"line":263,"column":0},"end":{"line":263,"column":49}},"263":{"start":{"line":264,"column":0},"end":{"line":264,"column":11}},"264":{"start":{"line":265,"column":0},"end":{"line":265,"column":62}},"265":{"start":{"line":266,"column":0},"end":{"line":266,"column":25}},"266":{"start":{"line":267,"column":0},"end":{"line":267,"column":58}},"267":{"start":{"line":268,"column":0},"end":{"line":268,"column":32}},"268":{"start":{"line":269,"column":0},"end":{"line":269,"column":38}},"269":{"start":{"line":270,"column":0},"end":{"line":270,"column":44}},"270":{"start":{"line":271,"column":0},"end":{"line":271,"column":34}},"271":{"start":{"line":272,"column":0},"end":{"line":272,"column":27}},"272":{"start":{"line":273,"column":0},"end":{"line":273,"column":28}},"273":{"start":{"line":274,"column":0},"end":{"line":274,"column":13}},"274":{"start":{"line":275,"column":0},"end":{"line":275,"column":11}},"275":{"start":{"line":276,"column":0},"end":{"line":276,"column":65}},"276":{"start":{"line":277,"column":0},"end":{"line":277,"column":79}},"277":{"start":{"line":278,"column":0},"end":{"line":278,"column":86}},"278":{"start":{"line":279,"column":0},"end":{"line":279,"column":23}},"279":{"start":{"line":280,"column":0},"end":{"line":280,"column":97}},"280":{"start":{"line":281,"column":0},"end":{"line":281,"column":7}},"281":{"start":{"line":282,"column":0},"end":{"line":282,"column":12}},"282":{"start":{"line":283,"column":0},"end":{"line":283,"column":44}},"283":{"start":{"line":284,"column":0},"end":{"line":284,"column":85}},"285":{"start":{"line":286,"column":0},"end":{"line":286,"column":19}},"286":{"start":{"line":287,"column":0},"end":{"line":287,"column":60}},"287":{"start":{"line":288,"column":0},"end":{"line":288,"column":40}},"288":{"start":{"line":289,"column":0},"end":{"line":289,"column":13}},"289":{"start":{"line":290,"column":0},"end":{"line":290,"column":5}},"290":{"start":{"line":291,"column":0},"end":{"line":291,"column":49}},"291":{"start":{"line":292,"column":0},"end":{"line":292,"column":11}},"292":{"start":{"line":293,"column":0},"end":{"line":293,"column":75}},"293":{"start":{"line":294,"column":0},"end":{"line":294,"column":25}},"294":{"start":{"line":295,"column":0},"end":{"line":295,"column":58}},"295":{"start":{"line":296,"column":0},"end":{"line":296,"column":32}},"296":{"start":{"line":297,"column":0},"end":{"line":297,"column":48}},"297":{"start":{"line":298,"column":0},"end":{"line":298,"column":34}},"298":{"start":{"line":299,"column":0},"end":{"line":299,"column":27}},"299":{"start":{"line":300,"column":0},"end":{"line":300,"column":28}},"300":{"start":{"line":301,"column":0},"end":{"line":301,"column":13}},"301":{"start":{"line":302,"column":0},"end":{"line":302,"column":11}},"302":{"start":{"line":303,"column":0},"end":{"line":303,"column":65}},"303":{"start":{"line":304,"column":0},"end":{"line":304,"column":79}},"304":{"start":{"line":305,"column":0},"end":{"line":305,"column":90}},"305":{"start":{"line":306,"column":0},"end":{"line":306,"column":23}},"306":{"start":{"line":307,"column":0},"end":{"line":307,"column":98}},"307":{"start":{"line":308,"column":0},"end":{"line":308,"column":7}},"308":{"start":{"line":309,"column":0},"end":{"line":309,"column":12}},"309":{"start":{"line":310,"column":0},"end":{"line":310,"column":44}},"310":{"start":{"line":311,"column":0},"end":{"line":311,"column":76}},"312":{"start":{"line":313,"column":0},"end":{"line":313,"column":19}},"313":{"start":{"line":314,"column":0},"end":{"line":314,"column":37}},"314":{"start":{"line":315,"column":0},"end":{"line":315,"column":13}},"315":{"start":{"line":316,"column":0},"end":{"line":316,"column":5}},"316":{"start":{"line":317,"column":0},"end":{"line":317,"column":49}},"317":{"start":{"line":318,"column":0},"end":{"line":318,"column":11}},"318":{"start":{"line":319,"column":0},"end":{"line":319,"column":70}},"319":{"start":{"line":320,"column":0},"end":{"line":320,"column":25}},"320":{"start":{"line":321,"column":0},"end":{"line":321,"column":58}},"321":{"start":{"line":322,"column":0},"end":{"line":322,"column":32}},"322":{"start":{"line":323,"column":0},"end":{"line":323,"column":52}},"323":{"start":{"line":324,"column":0},"end":{"line":324,"column":13}},"324":{"start":{"line":325,"column":0},"end":{"line":325,"column":11}},"325":{"start":{"line":326,"column":0},"end":{"line":326,"column":65}},"326":{"start":{"line":327,"column":0},"end":{"line":327,"column":79}},"327":{"start":{"line":328,"column":0},"end":{"line":328,"column":80}},"328":{"start":{"line":329,"column":0},"end":{"line":329,"column":23}},"329":{"start":{"line":330,"column":0},"end":{"line":330,"column":97}},"330":{"start":{"line":331,"column":0},"end":{"line":331,"column":7}},"331":{"start":{"line":332,"column":0},"end":{"line":332,"column":12}},"332":{"start":{"line":333,"column":0},"end":{"line":333,"column":44}},"333":{"start":{"line":334,"column":0},"end":{"line":334,"column":42}},"335":{"start":{"line":336,"column":0},"end":{"line":336,"column":29}},"336":{"start":{"line":337,"column":0},"end":{"line":337,"column":18}},"337":{"start":{"line":338,"column":0},"end":{"line":338,"column":9}},"338":{"start":{"line":339,"column":0},"end":{"line":339,"column":100}},"339":{"start":{"line":340,"column":0},"end":{"line":340,"column":29}},"340":{"start":{"line":341,"column":0},"end":{"line":341,"column":34}},"341":{"start":{"line":342,"column":0},"end":{"line":342,"column":36}},"342":{"start":{"line":343,"column":0},"end":{"line":343,"column":31}},"343":{"start":{"line":344,"column":0},"end":{"line":344,"column":9}},"344":{"start":{"line":345,"column":0},"end":{"line":345,"column":75}},"345":{"start":{"line":346,"column":0},"end":{"line":346,"column":71}},"346":{"start":{"line":347,"column":0},"end":{"line":347,"column":79}},"347":{"start":{"line":348,"column":0},"end":{"line":348,"column":79}},"348":{"start":{"line":349,"column":0},"end":{"line":349,"column":62}},"349":{"start":{"line":350,"column":0},"end":{"line":350,"column":56}},"350":{"start":{"line":351,"column":0},"end":{"line":351,"column":83}},"351":{"start":{"line":352,"column":0},"end":{"line":352,"column":40}},"352":{"start":{"line":353,"column":0},"end":{"line":353,"column":92}},"353":{"start":{"line":354,"column":0},"end":{"line":354,"column":102}},"354":{"start":{"line":355,"column":0},"end":{"line":355,"column":111}},"355":{"start":{"line":356,"column":0},"end":{"line":356,"column":61}},"356":{"start":{"line":357,"column":0},"end":{"line":357,"column":63}},"357":{"start":{"line":358,"column":0},"end":{"line":358,"column":29}},"358":{"start":{"line":359,"column":0},"end":{"line":359,"column":94}},"359":{"start":{"line":360,"column":0},"end":{"line":360,"column":8}},"360":{"start":{"line":361,"column":0},"end":{"line":361,"column":44}},"361":{"start":{"line":362,"column":0},"end":{"line":362,"column":42}},"362":{"start":{"line":363,"column":0},"end":{"line":363,"column":48}},"363":{"start":{"line":364,"column":0},"end":{"line":364,"column":46}},"364":{"start":{"line":365,"column":0},"end":{"line":365,"column":59}},"365":{"start":{"line":366,"column":0},"end":{"line":366,"column":61}},"366":{"start":{"line":367,"column":0},"end":{"line":367,"column":31}},"367":{"start":{"line":368,"column":0},"end":{"line":368,"column":94}},"368":{"start":{"line":369,"column":0},"end":{"line":369,"column":8}},"369":{"start":{"line":370,"column":0},"end":{"line":370,"column":91}},"370":{"start":{"line":371,"column":0},"end":{"line":371,"column":75}},"371":{"start":{"line":372,"column":0},"end":{"line":372,"column":41}},"372":{"start":{"line":373,"column":0},"end":{"line":373,"column":44}},"373":{"start":{"line":374,"column":0},"end":{"line":374,"column":39}},"374":{"start":{"line":375,"column":0},"end":{"line":375,"column":77}},"375":{"start":{"line":376,"column":0},"end":{"line":376,"column":61}},"376":{"start":{"line":377,"column":0},"end":{"line":377,"column":23}},"377":{"start":{"line":378,"column":0},"end":{"line":378,"column":9}},"378":{"start":{"line":379,"column":0},"end":{"line":379,"column":65}},"379":{"start":{"line":380,"column":0},"end":{"line":380,"column":25}},"380":{"start":{"line":381,"column":0},"end":{"line":381,"column":9}},"381":{"start":{"line":382,"column":0},"end":{"line":382,"column":69}},"382":{"start":{"line":383,"column":0},"end":{"line":383,"column":9}},"383":{"start":{"line":384,"column":0},"end":{"line":384,"column":21}},"384":{"start":{"line":385,"column":0},"end":{"line":385,"column":88}},"385":{"start":{"line":386,"column":0},"end":{"line":386,"column":15}},"386":{"start":{"line":387,"column":0},"end":{"line":387,"column":21}},"387":{"start":{"line":388,"column":0},"end":{"line":388,"column":5}},"388":{"start":{"line":389,"column":0},"end":{"line":389,"column":3}},"390":{"start":{"line":391,"column":0},"end":{"line":391,"column":37}},"391":{"start":{"line":392,"column":0},"end":{"line":392,"column":65}},"392":{"start":{"line":393,"column":0},"end":{"line":393,"column":3}},"394":{"start":{"line":395,"column":0},"end":{"line":395,"column":40}},"395":{"start":{"line":396,"column":0},"end":{"line":396,"column":29}},"396":{"start":{"line":397,"column":0},"end":{"line":397,"column":15}},"397":{"start":{"line":398,"column":0},"end":{"line":398,"column":61}},"398":{"start":{"line":399,"column":0},"end":{"line":399,"column":12}},"399":{"start":{"line":400,"column":0},"end":{"line":400,"column":58}},"400":{"start":{"line":401,"column":0},"end":{"line":401,"column":5}},"401":{"start":{"line":402,"column":0},"end":{"line":402,"column":3}},"403":{"start":{"line":404,"column":0},"end":{"line":404,"column":50}},"404":{"start":{"line":405,"column":0},"end":{"line":405,"column":37}},"405":{"start":{"line":406,"column":0},"end":{"line":406,"column":77}},"406":{"start":{"line":407,"column":0},"end":{"line":407,"column":3}},"408":{"start":{"line":409,"column":0},"end":{"line":409,"column":41}},"409":{"start":{"line":410,"column":0},"end":{"line":410,"column":30}},"410":{"start":{"line":411,"column":0},"end":{"line":411,"column":69}},"411":{"start":{"line":412,"column":0},"end":{"line":412,"column":3}},"413":{"start":{"line":414,"column":0},"end":{"line":414,"column":65}},"414":{"start":{"line":415,"column":0},"end":{"line":415,"column":29}},"415":{"start":{"line":416,"column":0},"end":{"line":416,"column":69}},"416":{"start":{"line":417,"column":0},"end":{"line":417,"column":3}},"418":{"start":{"line":419,"column":0},"end":{"line":419,"column":46}},"419":{"start":{"line":420,"column":0},"end":{"line":420,"column":18}},"420":{"start":{"line":421,"column":0},"end":{"line":421,"column":9}},"421":{"start":{"line":422,"column":0},"end":{"line":422,"column":67}},"422":{"start":{"line":423,"column":0},"end":{"line":423,"column":23}},"423":{"start":{"line":424,"column":0},"end":{"line":424,"column":56}},"424":{"start":{"line":425,"column":0},"end":{"line":425,"column":65}},"425":{"start":{"line":426,"column":0},"end":{"line":426,"column":9}},"426":{"start":{"line":427,"column":0},"end":{"line":427,"column":25}},"427":{"start":{"line":428,"column":0},"end":{"line":428,"column":47}},"428":{"start":{"line":429,"column":0},"end":{"line":429,"column":7}},"429":{"start":{"line":430,"column":0},"end":{"line":430,"column":50}},"430":{"start":{"line":431,"column":0},"end":{"line":431,"column":21}},"431":{"start":{"line":432,"column":0},"end":{"line":432,"column":98}},"432":{"start":{"line":433,"column":0},"end":{"line":433,"column":5}},"433":{"start":{"line":434,"column":0},"end":{"line":434,"column":3}},"435":{"start":{"line":436,"column":0},"end":{"line":436,"column":51}},"436":{"start":{"line":437,"column":0},"end":{"line":437,"column":9}},"437":{"start":{"line":438,"column":0},"end":{"line":438,"column":72}},"438":{"start":{"line":439,"column":0},"end":{"line":439,"column":73}},"439":{"start":{"line":440,"column":0},"end":{"line":440,"column":67}},"440":{"start":{"line":441,"column":0},"end":{"line":441,"column":26}},"441":{"start":{"line":442,"column":0},"end":{"line":442,"column":21}},"442":{"start":{"line":443,"column":0},"end":{"line":443,"column":93}},"443":{"start":{"line":444,"column":0},"end":{"line":444,"column":5}},"444":{"start":{"line":445,"column":0},"end":{"line":445,"column":3}},"446":{"start":{"line":447,"column":0},"end":{"line":447,"column":41}},"447":{"start":{"line":448,"column":0},"end":{"line":448,"column":41}},"448":{"start":{"line":449,"column":0},"end":{"line":449,"column":26}},"449":{"start":{"line":450,"column":0},"end":{"line":450,"column":32}},"450":{"start":{"line":451,"column":0},"end":{"line":451,"column":25}},"451":{"start":{"line":452,"column":0},"end":{"line":452,"column":11}},"452":{"start":{"line":453,"column":0},"end":{"line":453,"column":13}},"453":{"start":{"line":454,"column":0},"end":{"line":454,"column":28}},"454":{"start":{"line":455,"column":0},"end":{"line":455,"column":29}},"455":{"start":{"line":456,"column":0},"end":{"line":456,"column":101}},"456":{"start":{"line":457,"column":0},"end":{"line":457,"column":14}},"457":{"start":{"line":458,"column":0},"end":{"line":458,"column":12}},"458":{"start":{"line":459,"column":0},"end":{"line":459,"column":58}},"459":{"start":{"line":460,"column":0},"end":{"line":460,"column":21}},"460":{"start":{"line":461,"column":0},"end":{"line":461,"column":54}},"461":{"start":{"line":462,"column":0},"end":{"line":462,"column":28}},"462":{"start":{"line":463,"column":0},"end":{"line":463,"column":34}},"463":{"start":{"line":464,"column":0},"end":{"line":464,"column":32}},"464":{"start":{"line":465,"column":0},"end":{"line":465,"column":42}},"465":{"start":{"line":466,"column":0},"end":{"line":466,"column":52}},"466":{"start":{"line":467,"column":0},"end":{"line":467,"column":9}},"467":{"start":{"line":468,"column":0},"end":{"line":468,"column":7}},"468":{"start":{"line":469,"column":0},"end":{"line":469,"column":23}},"469":{"start":{"line":470,"column":0},"end":{"line":470,"column":39}},"470":{"start":{"line":471,"column":0},"end":{"line":471,"column":13}},"471":{"start":{"line":472,"column":0},"end":{"line":472,"column":5}},"472":{"start":{"line":473,"column":0},"end":{"line":473,"column":75}},"473":{"start":{"line":474,"column":0},"end":{"line":474,"column":76}},"474":{"start":{"line":475,"column":0},"end":{"line":475,"column":3}},"476":{"start":{"line":477,"column":0},"end":{"line":477,"column":66}},"477":{"start":{"line":478,"column":0},"end":{"line":478,"column":27}},"478":{"start":{"line":479,"column":0},"end":{"line":479,"column":18}},"479":{"start":{"line":480,"column":0},"end":{"line":480,"column":18}},"480":{"start":{"line":481,"column":0},"end":{"line":481,"column":9}},"481":{"start":{"line":482,"column":0},"end":{"line":482,"column":38}},"482":{"start":{"line":483,"column":0},"end":{"line":483,"column":50}},"483":{"start":{"line":484,"column":0},"end":{"line":484,"column":59}},"484":{"start":{"line":485,"column":0},"end":{"line":485,"column":61}},"485":{"start":{"line":486,"column":0},"end":{"line":486,"column":22}},"486":{"start":{"line":487,"column":0},"end":{"line":487,"column":22}},"487":{"start":{"line":488,"column":0},"end":{"line":488,"column":62}},"488":{"start":{"line":489,"column":0},"end":{"line":489,"column":8}},"489":{"start":{"line":490,"column":0},"end":{"line":490,"column":84}},"490":{"start":{"line":491,"column":0},"end":{"line":491,"column":22}},"491":{"start":{"line":492,"column":0},"end":{"line":492,"column":30}},"492":{"start":{"line":493,"column":0},"end":{"line":493,"column":23}},"493":{"start":{"line":494,"column":0},"end":{"line":494,"column":44}},"494":{"start":{"line":495,"column":0},"end":{"line":495,"column":59}},"495":{"start":{"line":496,"column":0},"end":{"line":496,"column":45}},"496":{"start":{"line":497,"column":0},"end":{"line":497,"column":13}},"497":{"start":{"line":498,"column":0},"end":{"line":498,"column":10}},"498":{"start":{"line":499,"column":0},"end":{"line":499,"column":8}},"499":{"start":{"line":500,"column":0},"end":{"line":500,"column":70}},"501":{"start":{"line":502,"column":0},"end":{"line":502,"column":86}},"502":{"start":{"line":503,"column":0},"end":{"line":503,"column":63}},"503":{"start":{"line":504,"column":0},"end":{"line":504,"column":40}},"504":{"start":{"line":505,"column":0},"end":{"line":505,"column":92}},"505":{"start":{"line":506,"column":0},"end":{"line":506,"column":69}},"506":{"start":{"line":507,"column":0},"end":{"line":507,"column":30}},"507":{"start":{"line":508,"column":0},"end":{"line":508,"column":30}},"508":{"start":{"line":509,"column":0},"end":{"line":509,"column":31}},"509":{"start":{"line":510,"column":0},"end":{"line":510,"column":33}},"510":{"start":{"line":511,"column":0},"end":{"line":511,"column":39}},"511":{"start":{"line":512,"column":0},"end":{"line":512,"column":23}},"512":{"start":{"line":513,"column":0},"end":{"line":513,"column":22}},"513":{"start":{"line":514,"column":0},"end":{"line":514,"column":21}},"514":{"start":{"line":515,"column":0},"end":{"line":515,"column":91}},"515":{"start":{"line":516,"column":0},"end":{"line":516,"column":15}},"516":{"start":{"line":517,"column":0},"end":{"line":517,"column":21}},"517":{"start":{"line":518,"column":0},"end":{"line":518,"column":5}},"518":{"start":{"line":519,"column":0},"end":{"line":519,"column":3}},"520":{"start":{"line":521,"column":0},"end":{"line":521,"column":70}},"521":{"start":{"line":522,"column":0},"end":{"line":522,"column":27}},"522":{"start":{"line":523,"column":0},"end":{"line":523,"column":18}},"523":{"start":{"line":524,"column":0},"end":{"line":524,"column":18}},"524":{"start":{"line":525,"column":0},"end":{"line":525,"column":9}},"525":{"start":{"line":526,"column":0},"end":{"line":526,"column":38}},"526":{"start":{"line":527,"column":0},"end":{"line":527,"column":58}},"527":{"start":{"line":528,"column":0},"end":{"line":528,"column":60}},"528":{"start":{"line":529,"column":0},"end":{"line":529,"column":22}},"529":{"start":{"line":530,"column":0},"end":{"line":530,"column":30}},"530":{"start":{"line":531,"column":0},"end":{"line":531,"column":23}},"531":{"start":{"line":532,"column":0},"end":{"line":532,"column":46}},"532":{"start":{"line":533,"column":0},"end":{"line":533,"column":59}},"533":{"start":{"line":534,"column":0},"end":{"line":534,"column":45}},"534":{"start":{"line":535,"column":0},"end":{"line":535,"column":13}},"535":{"start":{"line":536,"column":0},"end":{"line":536,"column":10}},"536":{"start":{"line":537,"column":0},"end":{"line":537,"column":8}},"537":{"start":{"line":538,"column":0},"end":{"line":538,"column":102}},"538":{"start":{"line":539,"column":0},"end":{"line":539,"column":94}},"539":{"start":{"line":540,"column":0},"end":{"line":540,"column":115}},"540":{"start":{"line":541,"column":0},"end":{"line":541,"column":122}},"541":{"start":{"line":542,"column":0},"end":{"line":542,"column":71}},"542":{"start":{"line":543,"column":0},"end":{"line":543,"column":28}},"543":{"start":{"line":544,"column":0},"end":{"line":544,"column":61}},"544":{"start":{"line":545,"column":0},"end":{"line":545,"column":7}},"545":{"start":{"line":546,"column":0},"end":{"line":546,"column":58}},"546":{"start":{"line":547,"column":0},"end":{"line":547,"column":22}},"547":{"start":{"line":548,"column":0},"end":{"line":548,"column":23}},"548":{"start":{"line":549,"column":0},"end":{"line":549,"column":9}},"549":{"start":{"line":550,"column":0},"end":{"line":550,"column":63}},"550":{"start":{"line":551,"column":0},"end":{"line":551,"column":63}},"551":{"start":{"line":552,"column":0},"end":{"line":552,"column":28}},"552":{"start":{"line":553,"column":0},"end":{"line":553,"column":84}},"553":{"start":{"line":554,"column":0},"end":{"line":554,"column":116}},"554":{"start":{"line":555,"column":0},"end":{"line":555,"column":50}},"555":{"start":{"line":556,"column":0},"end":{"line":556,"column":48}},"556":{"start":{"line":557,"column":0},"end":{"line":557,"column":99}},"557":{"start":{"line":558,"column":0},"end":{"line":558,"column":97}},"558":{"start":{"line":559,"column":0},"end":{"line":559,"column":49}},"559":{"start":{"line":560,"column":0},"end":{"line":560,"column":51}},"560":{"start":{"line":561,"column":0},"end":{"line":561,"column":104}},"561":{"start":{"line":562,"column":0},"end":{"line":562,"column":79}},"562":{"start":{"line":563,"column":0},"end":{"line":563,"column":47}},"563":{"start":{"line":564,"column":0},"end":{"line":564,"column":23}},"564":{"start":{"line":565,"column":0},"end":{"line":565,"column":26}},"565":{"start":{"line":566,"column":0},"end":{"line":566,"column":21}},"566":{"start":{"line":567,"column":0},"end":{"line":567,"column":100}},"567":{"start":{"line":568,"column":0},"end":{"line":568,"column":15}},"568":{"start":{"line":569,"column":0},"end":{"line":569,"column":21}},"569":{"start":{"line":570,"column":0},"end":{"line":570,"column":5}},"570":{"start":{"line":571,"column":0},"end":{"line":571,"column":3}},"572":{"start":{"line":573,"column":0},"end":{"line":573,"column":72}},"573":{"start":{"line":574,"column":0},"end":{"line":574,"column":27}},"574":{"start":{"line":575,"column":0},"end":{"line":575,"column":18}},"575":{"start":{"line":576,"column":0},"end":{"line":576,"column":18}},"576":{"start":{"line":577,"column":0},"end":{"line":577,"column":9}},"577":{"start":{"line":578,"column":0},"end":{"line":578,"column":38}},"578":{"start":{"line":579,"column":0},"end":{"line":579,"column":59}},"579":{"start":{"line":580,"column":0},"end":{"line":580,"column":60}},"580":{"start":{"line":581,"column":0},"end":{"line":581,"column":22}},"581":{"start":{"line":582,"column":0},"end":{"line":582,"column":23}},"582":{"start":{"line":583,"column":0},"end":{"line":583,"column":9}},"583":{"start":{"line":584,"column":0},"end":{"line":584,"column":63}},"584":{"start":{"line":585,"column":0},"end":{"line":585,"column":63}},"585":{"start":{"line":586,"column":0},"end":{"line":586,"column":28}},"586":{"start":{"line":587,"column":0},"end":{"line":587,"column":79}},"587":{"start":{"line":588,"column":0},"end":{"line":588,"column":46}},"588":{"start":{"line":589,"column":0},"end":{"line":589,"column":23}},"589":{"start":{"line":590,"column":0},"end":{"line":590,"column":33}},"590":{"start":{"line":591,"column":0},"end":{"line":591,"column":21}},"591":{"start":{"line":592,"column":0},"end":{"line":592,"column":98}},"592":{"start":{"line":593,"column":0},"end":{"line":593,"column":15}},"593":{"start":{"line":594,"column":0},"end":{"line":594,"column":21}},"594":{"start":{"line":595,"column":0},"end":{"line":595,"column":5}},"595":{"start":{"line":596,"column":0},"end":{"line":596,"column":3}},"597":{"start":{"line":598,"column":0},"end":{"line":598,"column":42}},"598":{"start":{"line":599,"column":0},"end":{"line":599,"column":69}},"599":{"start":{"line":600,"column":0},"end":{"line":600,"column":23}},"600":{"start":{"line":601,"column":0},"end":{"line":601,"column":32}},"601":{"start":{"line":602,"column":0},"end":{"line":602,"column":90}},"602":{"start":{"line":603,"column":0},"end":{"line":603,"column":23}},"603":{"start":{"line":604,"column":0},"end":{"line":604,"column":24}},"604":{"start":{"line":605,"column":0},"end":{"line":605,"column":27}},"605":{"start":{"line":606,"column":0},"end":{"line":606,"column":24}},"606":{"start":{"line":607,"column":0},"end":{"line":607,"column":35}},"607":{"start":{"line":608,"column":0},"end":{"line":608,"column":32}},"608":{"start":{"line":609,"column":0},"end":{"line":609,"column":28}},"609":{"start":{"line":610,"column":0},"end":{"line":610,"column":20}},"610":{"start":{"line":611,"column":0},"end":{"line":611,"column":3}},"612":{"start":{"line":613,"column":0},"end":{"line":613,"column":42}},"613":{"start":{"line":614,"column":0},"end":{"line":614,"column":69}},"614":{"start":{"line":615,"column":0},"end":{"line":615,"column":23}},"615":{"start":{"line":616,"column":0},"end":{"line":616,"column":32}},"616":{"start":{"line":617,"column":0},"end":{"line":617,"column":23}},"617":{"start":{"line":618,"column":0},"end":{"line":618,"column":24}},"618":{"start":{"line":619,"column":0},"end":{"line":619,"column":18}},"619":{"start":{"line":620,"column":0},"end":{"line":620,"column":25}},"620":{"start":{"line":621,"column":0},"end":{"line":621,"column":7}},"621":{"start":{"line":622,"column":0},"end":{"line":622,"column":26}},"622":{"start":{"line":623,"column":0},"end":{"line":623,"column":86}},"623":{"start":{"line":624,"column":0},"end":{"line":624,"column":27}},"624":{"start":{"line":625,"column":0},"end":{"line":625,"column":28}},"625":{"start":{"line":626,"column":0},"end":{"line":626,"column":24}},"626":{"start":{"line":627,"column":0},"end":{"line":627,"column":35}},"627":{"start":{"line":628,"column":0},"end":{"line":628,"column":32}},"628":{"start":{"line":629,"column":0},"end":{"line":629,"column":20}},"629":{"start":{"line":630,"column":0},"end":{"line":630,"column":3}},"631":{"start":{"line":632,"column":0},"end":{"line":632,"column":64}},"632":{"start":{"line":633,"column":0},"end":{"line":633,"column":27}},"633":{"start":{"line":634,"column":0},"end":{"line":634,"column":41}},"634":{"start":{"line":635,"column":0},"end":{"line":635,"column":18}},"635":{"start":{"line":636,"column":0},"end":{"line":636,"column":18}},"636":{"start":{"line":637,"column":0},"end":{"line":637,"column":9}},"637":{"start":{"line":638,"column":0},"end":{"line":638,"column":38}},"638":{"start":{"line":639,"column":0},"end":{"line":639,"column":48}},"639":{"start":{"line":640,"column":0},"end":{"line":640,"column":82}},"640":{"start":{"line":641,"column":0},"end":{"line":641,"column":66}},"641":{"start":{"line":642,"column":0},"end":{"line":642,"column":70}},"642":{"start":{"line":643,"column":0},"end":{"line":643,"column":22}},"643":{"start":{"line":644,"column":0},"end":{"line":644,"column":23}},"644":{"start":{"line":645,"column":0},"end":{"line":645,"column":9}},"645":{"start":{"line":646,"column":0},"end":{"line":646,"column":63}},"646":{"start":{"line":647,"column":0},"end":{"line":647,"column":41}},"647":{"start":{"line":648,"column":0},"end":{"line":648,"column":23}},"648":{"start":{"line":649,"column":0},"end":{"line":649,"column":22}},"649":{"start":{"line":650,"column":0},"end":{"line":650,"column":43}},"650":{"start":{"line":651,"column":0},"end":{"line":651,"column":21}},"651":{"start":{"line":652,"column":0},"end":{"line":652,"column":92}},"652":{"start":{"line":653,"column":0},"end":{"line":653,"column":15}},"653":{"start":{"line":654,"column":0},"end":{"line":654,"column":21}},"654":{"start":{"line":655,"column":0},"end":{"line":655,"column":5}},"655":{"start":{"line":656,"column":0},"end":{"line":656,"column":3}},"657":{"start":{"line":658,"column":0},"end":{"line":658,"column":100}},"658":{"start":{"line":659,"column":0},"end":{"line":659,"column":97}},"659":{"start":{"line":660,"column":0},"end":{"line":660,"column":42}},"660":{"start":{"line":661,"column":0},"end":{"line":661,"column":31}},"661":{"start":{"line":662,"column":0},"end":{"line":662,"column":13}},"662":{"start":{"line":663,"column":0},"end":{"line":663,"column":5}},"663":{"start":{"line":664,"column":0},"end":{"line":664,"column":29}},"664":{"start":{"line":665,"column":0},"end":{"line":665,"column":31}},"665":{"start":{"line":666,"column":0},"end":{"line":666,"column":37}},"666":{"start":{"line":667,"column":0},"end":{"line":667,"column":106}},"667":{"start":{"line":668,"column":0},"end":{"line":668,"column":19}},"668":{"start":{"line":669,"column":0},"end":{"line":669,"column":105}},"669":{"start":{"line":670,"column":0},"end":{"line":670,"column":7}},"670":{"start":{"line":671,"column":0},"end":{"line":671,"column":112}},"671":{"start":{"line":672,"column":0},"end":{"line":672,"column":7}},"672":{"start":{"line":673,"column":0},"end":{"line":673,"column":3}},"674":{"start":{"line":675,"column":0},"end":{"line":675,"column":55}},"675":{"start":{"line":676,"column":0},"end":{"line":676,"column":114}},"676":{"start":{"line":677,"column":0},"end":{"line":677,"column":32}},"677":{"start":{"line":678,"column":0},"end":{"line":678,"column":69}},"678":{"start":{"line":679,"column":0},"end":{"line":679,"column":13}},"679":{"start":{"line":680,"column":0},"end":{"line":680,"column":5}},"681":{"start":{"line":682,"column":0},"end":{"line":682,"column":97}},"682":{"start":{"line":683,"column":0},"end":{"line":683,"column":26}},"683":{"start":{"line":684,"column":0},"end":{"line":684,"column":31}},"684":{"start":{"line":685,"column":0},"end":{"line":685,"column":13}},"685":{"start":{"line":686,"column":0},"end":{"line":686,"column":5}},"687":{"start":{"line":688,"column":0},"end":{"line":688,"column":29}},"688":{"start":{"line":689,"column":0},"end":{"line":689,"column":51}},"689":{"start":{"line":690,"column":0},"end":{"line":690,"column":37}},"690":{"start":{"line":691,"column":0},"end":{"line":691,"column":94}},"691":{"start":{"line":692,"column":0},"end":{"line":692,"column":106}},"692":{"start":{"line":693,"column":0},"end":{"line":693,"column":67}},"694":{"start":{"line":695,"column":0},"end":{"line":695,"column":24}},"695":{"start":{"line":696,"column":0},"end":{"line":696,"column":94}},"696":{"start":{"line":697,"column":0},"end":{"line":697,"column":7}},"698":{"start":{"line":699,"column":0},"end":{"line":699,"column":98}},"699":{"start":{"line":700,"column":0},"end":{"line":700,"column":32}},"700":{"start":{"line":701,"column":0},"end":{"line":701,"column":36}},"701":{"start":{"line":702,"column":0},"end":{"line":702,"column":59}},"702":{"start":{"line":703,"column":0},"end":{"line":703,"column":37}},"703":{"start":{"line":704,"column":0},"end":{"line":704,"column":21}},"704":{"start":{"line":705,"column":0},"end":{"line":705,"column":38}},"705":{"start":{"line":706,"column":0},"end":{"line":706,"column":40}},"706":{"start":{"line":707,"column":0},"end":{"line":707,"column":44}},"707":{"start":{"line":708,"column":0},"end":{"line":708,"column":13}},"708":{"start":{"line":709,"column":0},"end":{"line":709,"column":9}},"709":{"start":{"line":710,"column":0},"end":{"line":710,"column":7}},"710":{"start":{"line":711,"column":0},"end":{"line":711,"column":18}},"711":{"start":{"line":712,"column":0},"end":{"line":712,"column":7}},"712":{"start":{"line":713,"column":0},"end":{"line":713,"column":3}},"714":{"start":{"line":715,"column":0},"end":{"line":715,"column":35}},"715":{"start":{"line":716,"column":0},"end":{"line":716,"column":32}},"716":{"start":{"line":717,"column":0},"end":{"line":717,"column":34}},"717":{"start":{"line":718,"column":0},"end":{"line":718,"column":3}},"719":{"start":{"line":720,"column":0},"end":{"line":720,"column":32}},"720":{"start":{"line":721,"column":0},"end":{"line":721,"column":29}},"721":{"start":{"line":722,"column":0},"end":{"line":722,"column":56}},"722":{"start":{"line":723,"column":0},"end":{"line":723,"column":13}},"723":{"start":{"line":724,"column":0},"end":{"line":724,"column":5}},"724":{"start":{"line":725,"column":0},"end":{"line":725,"column":26}},"725":{"start":{"line":726,"column":0},"end":{"line":726,"column":27}},"726":{"start":{"line":727,"column":0},"end":{"line":727,"column":28}},"727":{"start":{"line":728,"column":0},"end":{"line":728,"column":35}},"728":{"start":{"line":729,"column":0},"end":{"line":729,"column":69}},"729":{"start":{"line":730,"column":0},"end":{"line":730,"column":3}},"731":{"start":{"line":732,"column":0},"end":{"line":732,"column":31}},"732":{"start":{"line":733,"column":0},"end":{"line":733,"column":24}},"733":{"start":{"line":734,"column":0},"end":{"line":734,"column":27}},"734":{"start":{"line":735,"column":0},"end":{"line":735,"column":28}},"735":{"start":{"line":736,"column":0},"end":{"line":736,"column":35}},"736":{"start":{"line":737,"column":0},"end":{"line":737,"column":32}},"737":{"start":{"line":738,"column":0},"end":{"line":738,"column":39}},"738":{"start":{"line":739,"column":0},"end":{"line":739,"column":3}},"740":{"start":{"line":741,"column":0},"end":{"line":741,"column":34}},"741":{"start":{"line":742,"column":0},"end":{"line":742,"column":27}},"742":{"start":{"line":743,"column":0},"end":{"line":743,"column":27}},"743":{"start":{"line":744,"column":0},"end":{"line":744,"column":28}},"744":{"start":{"line":745,"column":0},"end":{"line":745,"column":35}},"745":{"start":{"line":746,"column":0},"end":{"line":746,"column":32}},"746":{"start":{"line":747,"column":0},"end":{"line":747,"column":39}},"747":{"start":{"line":748,"column":0},"end":{"line":748,"column":3}},"749":{"start":{"line":750,"column":0},"end":{"line":750,"column":40}},"750":{"start":{"line":751,"column":0},"end":{"line":751,"column":67}},"751":{"start":{"line":752,"column":0},"end":{"line":752,"column":45}},"752":{"start":{"line":753,"column":0},"end":{"line":753,"column":13}},"753":{"start":{"line":754,"column":0},"end":{"line":754,"column":5}},"754":{"start":{"line":755,"column":0},"end":{"line":755,"column":18}},"755":{"start":{"line":756,"column":0},"end":{"line":756,"column":9}},"756":{"start":{"line":757,"column":0},"end":{"line":757,"column":58}},"757":{"start":{"line":758,"column":0},"end":{"line":758,"column":23}},"758":{"start":{"line":759,"column":0},"end":{"line":759,"column":56}},"759":{"start":{"line":760,"column":0},"end":{"line":760,"column":30}},"760":{"start":{"line":761,"column":0},"end":{"line":761,"column":36}},"761":{"start":{"line":762,"column":0},"end":{"line":762,"column":35}},"762":{"start":{"line":763,"column":0},"end":{"line":763,"column":41}},"763":{"start":{"line":764,"column":0},"end":{"line":764,"column":39}},"764":{"start":{"line":765,"column":0},"end":{"line":765,"column":44}},"765":{"start":{"line":766,"column":0},"end":{"line":766,"column":11}},"766":{"start":{"line":767,"column":0},"end":{"line":767,"column":9}},"767":{"start":{"line":768,"column":0},"end":{"line":768,"column":63}},"768":{"start":{"line":769,"column":0},"end":{"line":769,"column":121}},"769":{"start":{"line":770,"column":0},"end":{"line":770,"column":78}},"770":{"start":{"line":771,"column":0},"end":{"line":771,"column":29}},"771":{"start":{"line":772,"column":0},"end":{"line":772,"column":25}},"772":{"start":{"line":773,"column":0},"end":{"line":773,"column":26}},"773":{"start":{"line":774,"column":0},"end":{"line":774,"column":55}},"774":{"start":{"line":775,"column":0},"end":{"line":775,"column":45}},"775":{"start":{"line":776,"column":0},"end":{"line":776,"column":43}},"776":{"start":{"line":777,"column":0},"end":{"line":777,"column":21}},"777":{"start":{"line":778,"column":0},"end":{"line":778,"column":75}},"778":{"start":{"line":779,"column":0},"end":{"line":779,"column":15}},"779":{"start":{"line":780,"column":0},"end":{"line":780,"column":21}},"780":{"start":{"line":781,"column":0},"end":{"line":781,"column":5}},"781":{"start":{"line":782,"column":0},"end":{"line":782,"column":3}},"783":{"start":{"line":784,"column":0},"end":{"line":784,"column":70}},"784":{"start":{"line":785,"column":0},"end":{"line":785,"column":41}},"785":{"start":{"line":786,"column":0},"end":{"line":786,"column":18}},"786":{"start":{"line":787,"column":0},"end":{"line":787,"column":9}},"787":{"start":{"line":788,"column":0},"end":{"line":788,"column":108}},"788":{"start":{"line":789,"column":0},"end":{"line":789,"column":23}},"789":{"start":{"line":790,"column":0},"end":{"line":790,"column":9}},"790":{"start":{"line":791,"column":0},"end":{"line":791,"column":63}},"791":{"start":{"line":792,"column":0},"end":{"line":792,"column":58}},"792":{"start":{"line":793,"column":0},"end":{"line":793,"column":45}},"793":{"start":{"line":794,"column":0},"end":{"line":794,"column":43}},"794":{"start":{"line":795,"column":0},"end":{"line":795,"column":21}},"795":{"start":{"line":796,"column":0},"end":{"line":796,"column":82}},"796":{"start":{"line":797,"column":0},"end":{"line":797,"column":15}},"797":{"start":{"line":798,"column":0},"end":{"line":798,"column":21}},"798":{"start":{"line":799,"column":0},"end":{"line":799,"column":5}},"799":{"start":{"line":800,"column":0},"end":{"line":800,"column":3}},"801":{"start":{"line":802,"column":0},"end":{"line":802,"column":74}},"802":{"start":{"line":803,"column":0},"end":{"line":803,"column":41}},"803":{"start":{"line":804,"column":0},"end":{"line":804,"column":18}},"804":{"start":{"line":805,"column":0},"end":{"line":805,"column":9}},"805":{"start":{"line":806,"column":0},"end":{"line":806,"column":108}},"806":{"start":{"line":807,"column":0},"end":{"line":807,"column":23}},"807":{"start":{"line":808,"column":0},"end":{"line":808,"column":9}},"808":{"start":{"line":809,"column":0},"end":{"line":809,"column":63}},"809":{"start":{"line":810,"column":0},"end":{"line":810,"column":66}},"810":{"start":{"line":811,"column":0},"end":{"line":811,"column":45}},"811":{"start":{"line":812,"column":0},"end":{"line":812,"column":43}},"812":{"start":{"line":813,"column":0},"end":{"line":813,"column":21}},"813":{"start":{"line":814,"column":0},"end":{"line":814,"column":82}},"814":{"start":{"line":815,"column":0},"end":{"line":815,"column":15}},"815":{"start":{"line":816,"column":0},"end":{"line":816,"column":21}},"816":{"start":{"line":817,"column":0},"end":{"line":817,"column":5}},"817":{"start":{"line":818,"column":0},"end":{"line":818,"column":3}},"819":{"start":{"line":820,"column":0},"end":{"line":820,"column":119}},"820":{"start":{"line":821,"column":0},"end":{"line":821,"column":41}},"821":{"start":{"line":822,"column":0},"end":{"line":822,"column":39}},"822":{"start":{"line":823,"column":0},"end":{"line":823,"column":58}},"823":{"start":{"line":824,"column":0},"end":{"line":824,"column":13}},"824":{"start":{"line":825,"column":0},"end":{"line":825,"column":5}},"825":{"start":{"line":826,"column":0},"end":{"line":826,"column":18}},"826":{"start":{"line":827,"column":0},"end":{"line":827,"column":9}},"827":{"start":{"line":828,"column":0},"end":{"line":828,"column":108}},"828":{"start":{"line":829,"column":0},"end":{"line":829,"column":23}},"829":{"start":{"line":830,"column":0},"end":{"line":830,"column":56}},"830":{"start":{"line":831,"column":0},"end":{"line":831,"column":41}},"831":{"start":{"line":832,"column":0},"end":{"line":832,"column":9}},"832":{"start":{"line":833,"column":0},"end":{"line":833,"column":63}},"833":{"start":{"line":834,"column":0},"end":{"line":834,"column":45}},"834":{"start":{"line":835,"column":0},"end":{"line":835,"column":87}},"835":{"start":{"line":836,"column":0},"end":{"line":836,"column":43}},"836":{"start":{"line":837,"column":0},"end":{"line":837,"column":21}},"837":{"start":{"line":838,"column":0},"end":{"line":838,"column":96}},"838":{"start":{"line":839,"column":0},"end":{"line":839,"column":15}},"839":{"start":{"line":840,"column":0},"end":{"line":840,"column":21}},"840":{"start":{"line":841,"column":0},"end":{"line":841,"column":5}},"841":{"start":{"line":842,"column":0},"end":{"line":842,"column":3}},"843":{"start":{"line":844,"column":0},"end":{"line":844,"column":71}},"844":{"start":{"line":845,"column":0},"end":{"line":845,"column":41}},"845":{"start":{"line":846,"column":0},"end":{"line":846,"column":18}},"846":{"start":{"line":847,"column":0},"end":{"line":847,"column":75}},"847":{"start":{"line":848,"column":0},"end":{"line":848,"column":60}},"848":{"start":{"line":849,"column":0},"end":{"line":849,"column":72}},"849":{"start":{"line":850,"column":0},"end":{"line":850,"column":15}},"850":{"start":{"line":851,"column":0},"end":{"line":851,"column":7}},"851":{"start":{"line":852,"column":0},"end":{"line":852,"column":5}},"852":{"start":{"line":853,"column":0},"end":{"line":853,"column":18}},"853":{"start":{"line":854,"column":0},"end":{"line":854,"column":9}},"854":{"start":{"line":855,"column":0},"end":{"line":855,"column":94}},"855":{"start":{"line":856,"column":0},"end":{"line":856,"column":23}},"856":{"start":{"line":857,"column":0},"end":{"line":857,"column":56}},"857":{"start":{"line":858,"column":0},"end":{"line":858,"column":41}},"858":{"start":{"line":859,"column":0},"end":{"line":859,"column":9}},"859":{"start":{"line":860,"column":0},"end":{"line":860,"column":63}},"860":{"start":{"line":861,"column":0},"end":{"line":861,"column":45}},"861":{"start":{"line":862,"column":0},"end":{"line":862,"column":70}},"862":{"start":{"line":863,"column":0},"end":{"line":863,"column":43}},"863":{"start":{"line":864,"column":0},"end":{"line":864,"column":21}},"864":{"start":{"line":865,"column":0},"end":{"line":865,"column":84}},"865":{"start":{"line":866,"column":0},"end":{"line":866,"column":15}},"866":{"start":{"line":867,"column":0},"end":{"line":867,"column":21}},"867":{"start":{"line":868,"column":0},"end":{"line":868,"column":5}},"868":{"start":{"line":869,"column":0},"end":{"line":869,"column":3}},"870":{"start":{"line":871,"column":0},"end":{"line":871,"column":75}},"871":{"start":{"line":872,"column":0},"end":{"line":872,"column":41}},"872":{"start":{"line":873,"column":0},"end":{"line":873,"column":18}},"873":{"start":{"line":874,"column":0},"end":{"line":874,"column":80}},"874":{"start":{"line":875,"column":0},"end":{"line":875,"column":63}},"875":{"start":{"line":876,"column":0},"end":{"line":876,"column":76}},"876":{"start":{"line":877,"column":0},"end":{"line":877,"column":15}},"877":{"start":{"line":878,"column":0},"end":{"line":878,"column":7}},"878":{"start":{"line":879,"column":0},"end":{"line":879,"column":5}},"879":{"start":{"line":880,"column":0},"end":{"line":880,"column":18}},"880":{"start":{"line":881,"column":0},"end":{"line":881,"column":9}},"881":{"start":{"line":882,"column":0},"end":{"line":882,"column":98}},"882":{"start":{"line":883,"column":0},"end":{"line":883,"column":23}},"883":{"start":{"line":884,"column":0},"end":{"line":884,"column":56}},"884":{"start":{"line":885,"column":0},"end":{"line":885,"column":41}},"885":{"start":{"line":886,"column":0},"end":{"line":886,"column":9}},"886":{"start":{"line":887,"column":0},"end":{"line":887,"column":63}},"887":{"start":{"line":888,"column":0},"end":{"line":888,"column":45}},"888":{"start":{"line":889,"column":0},"end":{"line":889,"column":75}},"889":{"start":{"line":890,"column":0},"end":{"line":890,"column":43}},"890":{"start":{"line":891,"column":0},"end":{"line":891,"column":21}},"891":{"start":{"line":892,"column":0},"end":{"line":892,"column":88}},"892":{"start":{"line":893,"column":0},"end":{"line":893,"column":15}},"893":{"start":{"line":894,"column":0},"end":{"line":894,"column":21}},"894":{"start":{"line":895,"column":0},"end":{"line":895,"column":5}},"895":{"start":{"line":896,"column":0},"end":{"line":896,"column":3}},"897":{"start":{"line":898,"column":0},"end":{"line":898,"column":81}},"898":{"start":{"line":899,"column":0},"end":{"line":899,"column":44}},"899":{"start":{"line":900,"column":0},"end":{"line":900,"column":3}},"901":{"start":{"line":902,"column":0},"end":{"line":902,"column":85}},"902":{"start":{"line":903,"column":0},"end":{"line":903,"column":48}},"903":{"start":{"line":904,"column":0},"end":{"line":904,"column":3}},"905":{"start":{"line":906,"column":0},"end":{"line":906,"column":69}},"906":{"start":{"line":907,"column":0},"end":{"line":907,"column":44}},"907":{"start":{"line":908,"column":0},"end":{"line":908,"column":47}},"908":{"start":{"line":909,"column":0},"end":{"line":909,"column":66}},"909":{"start":{"line":910,"column":0},"end":{"line":910,"column":18}},"910":{"start":{"line":911,"column":0},"end":{"line":911,"column":9}},"911":{"start":{"line":912,"column":0},"end":{"line":912,"column":107}},"912":{"start":{"line":913,"column":0},"end":{"line":913,"column":23}},"913":{"start":{"line":914,"column":0},"end":{"line":914,"column":9}},"914":{"start":{"line":915,"column":0},"end":{"line":915,"column":63}},"915":{"start":{"line":916,"column":0},"end":{"line":916,"column":64}},"916":{"start":{"line":917,"column":0},"end":{"line":917,"column":45}},"917":{"start":{"line":918,"column":0},"end":{"line":918,"column":43}},"918":{"start":{"line":919,"column":0},"end":{"line":919,"column":21}},"919":{"start":{"line":920,"column":0},"end":{"line":920,"column":73}},"920":{"start":{"line":921,"column":0},"end":{"line":921,"column":15}},"921":{"start":{"line":922,"column":0},"end":{"line":922,"column":21}},"922":{"start":{"line":923,"column":0},"end":{"line":923,"column":5}},"923":{"start":{"line":924,"column":0},"end":{"line":924,"column":3}},"925":{"start":{"line":926,"column":0},"end":{"line":926,"column":68}},"926":{"start":{"line":927,"column":0},"end":{"line":927,"column":44}},"927":{"start":{"line":928,"column":0},"end":{"line":928,"column":47}},"928":{"start":{"line":929,"column":0},"end":{"line":929,"column":66}},"929":{"start":{"line":930,"column":0},"end":{"line":930,"column":18}},"930":{"start":{"line":931,"column":0},"end":{"line":931,"column":9}},"931":{"start":{"line":932,"column":0},"end":{"line":932,"column":106}},"932":{"start":{"line":933,"column":0},"end":{"line":933,"column":23}},"933":{"start":{"line":934,"column":0},"end":{"line":934,"column":9}},"934":{"start":{"line":935,"column":0},"end":{"line":935,"column":63}},"935":{"start":{"line":936,"column":0},"end":{"line":936,"column":60}},"936":{"start":{"line":937,"column":0},"end":{"line":937,"column":45}},"937":{"start":{"line":938,"column":0},"end":{"line":938,"column":43}},"938":{"start":{"line":939,"column":0},"end":{"line":939,"column":21}},"939":{"start":{"line":940,"column":0},"end":{"line":940,"column":74}},"940":{"start":{"line":941,"column":0},"end":{"line":941,"column":15}},"941":{"start":{"line":942,"column":0},"end":{"line":942,"column":21}},"942":{"start":{"line":943,"column":0},"end":{"line":943,"column":5}},"943":{"start":{"line":944,"column":0},"end":{"line":944,"column":3}},"945":{"start":{"line":946,"column":0},"end":{"line":946,"column":47}},"946":{"start":{"line":947,"column":0},"end":{"line":947,"column":41}},"947":{"start":{"line":948,"column":0},"end":{"line":948,"column":18}},"948":{"start":{"line":949,"column":0},"end":{"line":949,"column":9}},"949":{"start":{"line":950,"column":0},"end":{"line":950,"column":95}},"950":{"start":{"line":951,"column":0},"end":{"line":951,"column":23}},"951":{"start":{"line":952,"column":0},"end":{"line":952,"column":9}},"952":{"start":{"line":953,"column":0},"end":{"line":953,"column":63}},"953":{"start":{"line":954,"column":0},"end":{"line":954,"column":53}},"954":{"start":{"line":955,"column":0},"end":{"line":955,"column":45}},"955":{"start":{"line":956,"column":0},"end":{"line":956,"column":43}},"956":{"start":{"line":957,"column":0},"end":{"line":957,"column":21}},"957":{"start":{"line":958,"column":0},"end":{"line":958,"column":78}},"958":{"start":{"line":959,"column":0},"end":{"line":959,"column":15}},"959":{"start":{"line":960,"column":0},"end":{"line":960,"column":21}},"960":{"start":{"line":961,"column":0},"end":{"line":961,"column":5}},"961":{"start":{"line":962,"column":0},"end":{"line":962,"column":3}},"963":{"start":{"line":964,"column":0},"end":{"line":964,"column":47}},"964":{"start":{"line":965,"column":0},"end":{"line":965,"column":41}},"965":{"start":{"line":966,"column":0},"end":{"line":966,"column":18}},"966":{"start":{"line":967,"column":0},"end":{"line":967,"column":9}},"967":{"start":{"line":968,"column":0},"end":{"line":968,"column":95}},"968":{"start":{"line":969,"column":0},"end":{"line":969,"column":23}},"969":{"start":{"line":970,"column":0},"end":{"line":970,"column":9}},"970":{"start":{"line":971,"column":0},"end":{"line":971,"column":63}},"971":{"start":{"line":972,"column":0},"end":{"line":972,"column":54}},"972":{"start":{"line":973,"column":0},"end":{"line":973,"column":45}},"973":{"start":{"line":974,"column":0},"end":{"line":974,"column":43}},"974":{"start":{"line":975,"column":0},"end":{"line":975,"column":21}},"975":{"start":{"line":976,"column":0},"end":{"line":976,"column":81}},"976":{"start":{"line":977,"column":0},"end":{"line":977,"column":15}},"977":{"start":{"line":978,"column":0},"end":{"line":978,"column":21}},"978":{"start":{"line":979,"column":0},"end":{"line":979,"column":5}},"979":{"start":{"line":980,"column":0},"end":{"line":980,"column":3}},"981":{"start":{"line":982,"column":0},"end":{"line":982,"column":44}},"982":{"start":{"line":983,"column":0},"end":{"line":983,"column":41}},"983":{"start":{"line":984,"column":0},"end":{"line":984,"column":96}},"984":{"start":{"line":985,"column":0},"end":{"line":985,"column":25}},"985":{"start":{"line":986,"column":0},"end":{"line":986,"column":56}},"986":{"start":{"line":987,"column":0},"end":{"line":987,"column":13}},"987":{"start":{"line":988,"column":0},"end":{"line":988,"column":5}},"988":{"start":{"line":989,"column":0},"end":{"line":989,"column":18}},"989":{"start":{"line":990,"column":0},"end":{"line":990,"column":9}},"990":{"start":{"line":991,"column":0},"end":{"line":991,"column":92}},"991":{"start":{"line":992,"column":0},"end":{"line":992,"column":23}},"992":{"start":{"line":993,"column":0},"end":{"line":993,"column":56}},"993":{"start":{"line":994,"column":0},"end":{"line":994,"column":65}},"994":{"start":{"line":995,"column":0},"end":{"line":995,"column":9}},"995":{"start":{"line":996,"column":0},"end":{"line":996,"column":63}},"996":{"start":{"line":997,"column":0},"end":{"line":997,"column":79}},"997":{"start":{"line":998,"column":0},"end":{"line":998,"column":42}},"998":{"start":{"line":999,"column":0},"end":{"line":999,"column":61}},"999":{"start":{"line":1000,"column":0},"end":{"line":1000,"column":45}},"1000":{"start":{"line":1001,"column":0},"end":{"line":1001,"column":43}},"1001":{"start":{"line":1002,"column":0},"end":{"line":1002,"column":21}},"1002":{"start":{"line":1003,"column":0},"end":{"line":1003,"column":80}},"1003":{"start":{"line":1004,"column":0},"end":{"line":1004,"column":15}},"1004":{"start":{"line":1005,"column":0},"end":{"line":1005,"column":21}},"1005":{"start":{"line":1006,"column":0},"end":{"line":1006,"column":5}},"1006":{"start":{"line":1007,"column":0},"end":{"line":1007,"column":3}},"1008":{"start":{"line":1009,"column":0},"end":{"line":1009,"column":50}},"1009":{"start":{"line":1010,"column":0},"end":{"line":1010,"column":41}},"1010":{"start":{"line":1011,"column":0},"end":{"line":1011,"column":18}},"1011":{"start":{"line":1012,"column":0},"end":{"line":1012,"column":9}},"1012":{"start":{"line":1013,"column":0},"end":{"line":1013,"column":99}},"1013":{"start":{"line":1014,"column":0},"end":{"line":1014,"column":23}},"1014":{"start":{"line":1015,"column":0},"end":{"line":1015,"column":9}},"1015":{"start":{"line":1016,"column":0},"end":{"line":1016,"column":63}},"1016":{"start":{"line":1017,"column":0},"end":{"line":1017,"column":66}},"1017":{"start":{"line":1018,"column":0},"end":{"line":1018,"column":78}},"1018":{"start":{"line":1019,"column":0},"end":{"line":1019,"column":45}},"1019":{"start":{"line":1020,"column":0},"end":{"line":1020,"column":43}},"1020":{"start":{"line":1021,"column":0},"end":{"line":1021,"column":21}},"1021":{"start":{"line":1022,"column":0},"end":{"line":1022,"column":79}},"1022":{"start":{"line":1023,"column":0},"end":{"line":1023,"column":15}},"1023":{"start":{"line":1024,"column":0},"end":{"line":1024,"column":21}},"1024":{"start":{"line":1025,"column":0},"end":{"line":1025,"column":5}},"1025":{"start":{"line":1026,"column":0},"end":{"line":1026,"column":3}},"1027":{"start":{"line":1028,"column":0},"end":{"line":1028,"column":76}},"1028":{"start":{"line":1029,"column":0},"end":{"line":1029,"column":18}},"1029":{"start":{"line":1030,"column":0},"end":{"line":1030,"column":9}},"1030":{"start":{"line":1031,"column":0},"end":{"line":1031,"column":75}},"1031":{"start":{"line":1032,"column":0},"end":{"line":1032,"column":23}},"1032":{"start":{"line":1033,"column":0},"end":{"line":1033,"column":56}},"1033":{"start":{"line":1034,"column":0},"end":{"line":1034,"column":30}},"1034":{"start":{"line":1035,"column":0},"end":{"line":1035,"column":41}},"1035":{"start":{"line":1036,"column":0},"end":{"line":1036,"column":39}},"1036":{"start":{"line":1037,"column":0},"end":{"line":1037,"column":39}},"1037":{"start":{"line":1038,"column":0},"end":{"line":1038,"column":11}},"1038":{"start":{"line":1039,"column":0},"end":{"line":1039,"column":9}},"1039":{"start":{"line":1040,"column":0},"end":{"line":1040,"column":63}},"1040":{"start":{"line":1041,"column":0},"end":{"line":1041,"column":103}},"1041":{"start":{"line":1042,"column":0},"end":{"line":1042,"column":16}},"1042":{"start":{"line":1043,"column":0},"end":{"line":1043,"column":168}},"1043":{"start":{"line":1044,"column":0},"end":{"line":1044,"column":8}},"1044":{"start":{"line":1045,"column":0},"end":{"line":1045,"column":21}},"1045":{"start":{"line":1046,"column":0},"end":{"line":1046,"column":81}},"1046":{"start":{"line":1047,"column":0},"end":{"line":1047,"column":15}},"1047":{"start":{"line":1048,"column":0},"end":{"line":1048,"column":21}},"1048":{"start":{"line":1049,"column":0},"end":{"line":1049,"column":5}},"1049":{"start":{"line":1050,"column":0},"end":{"line":1050,"column":3}},"1051":{"start":{"line":1052,"column":0},"end":{"line":1052,"column":75}},"1052":{"start":{"line":1053,"column":0},"end":{"line":1053,"column":103}},"1053":{"start":{"line":1054,"column":0},"end":{"line":1054,"column":32}},"1054":{"start":{"line":1055,"column":0},"end":{"line":1055,"column":32}},"1055":{"start":{"line":1056,"column":0},"end":{"line":1056,"column":36}},"1056":{"start":{"line":1057,"column":0},"end":{"line":1057,"column":34}},"1057":{"start":{"line":1058,"column":0},"end":{"line":1058,"column":30}},"1058":{"start":{"line":1059,"column":0},"end":{"line":1059,"column":44}},"1059":{"start":{"line":1060,"column":0},"end":{"line":1060,"column":3}},"1061":{"start":{"line":1062,"column":0},"end":{"line":1062,"column":53}},"1062":{"start":{"line":1063,"column":0},"end":{"line":1063,"column":31}},"1063":{"start":{"line":1064,"column":0},"end":{"line":1064,"column":49}},"1064":{"start":{"line":1065,"column":0},"end":{"line":1065,"column":13}},"1065":{"start":{"line":1066,"column":0},"end":{"line":1066,"column":5}},"1066":{"start":{"line":1067,"column":0},"end":{"line":1067,"column":18}},"1067":{"start":{"line":1068,"column":0},"end":{"line":1068,"column":9}},"1068":{"start":{"line":1069,"column":0},"end":{"line":1069,"column":68}},"1069":{"start":{"line":1070,"column":0},"end":{"line":1070,"column":23}},"1070":{"start":{"line":1071,"column":0},"end":{"line":1071,"column":9}},"1071":{"start":{"line":1072,"column":0},"end":{"line":1072,"column":63}},"1072":{"start":{"line":1073,"column":0},"end":{"line":1073,"column":40}},"1073":{"start":{"line":1074,"column":0},"end":{"line":1074,"column":27}},"1074":{"start":{"line":1075,"column":0},"end":{"line":1075,"column":28}},"1075":{"start":{"line":1076,"column":0},"end":{"line":1076,"column":31}},"1076":{"start":{"line":1077,"column":0},"end":{"line":1077,"column":32}},"1077":{"start":{"line":1078,"column":0},"end":{"line":1078,"column":33}},"1078":{"start":{"line":1079,"column":0},"end":{"line":1079,"column":24}},"1079":{"start":{"line":1080,"column":0},"end":{"line":1080,"column":7}},"1080":{"start":{"line":1081,"column":0},"end":{"line":1081,"column":80}},"1081":{"start":{"line":1082,"column":0},"end":{"line":1082,"column":23}},"1082":{"start":{"line":1083,"column":0},"end":{"line":1083,"column":43}},"1083":{"start":{"line":1084,"column":0},"end":{"line":1084,"column":33}},"1084":{"start":{"line":1085,"column":0},"end":{"line":1085,"column":36}},"1085":{"start":{"line":1086,"column":0},"end":{"line":1086,"column":31}},"1086":{"start":{"line":1087,"column":0},"end":{"line":1087,"column":35}},"1087":{"start":{"line":1088,"column":0},"end":{"line":1088,"column":21}},"1088":{"start":{"line":1089,"column":0},"end":{"line":1089,"column":88}},"1089":{"start":{"line":1090,"column":0},"end":{"line":1090,"column":15}},"1090":{"start":{"line":1091,"column":0},"end":{"line":1091,"column":21}},"1091":{"start":{"line":1092,"column":0},"end":{"line":1092,"column":5}},"1092":{"start":{"line":1093,"column":0},"end":{"line":1093,"column":3}},"1094":{"start":{"line":1095,"column":0},"end":{"line":1095,"column":126}},"1095":{"start":{"line":1096,"column":0},"end":{"line":1096,"column":34}},"1096":{"start":{"line":1097,"column":0},"end":{"line":1097,"column":130}},"1097":{"start":{"line":1098,"column":0},"end":{"line":1098,"column":63}},"1098":{"start":{"line":1099,"column":0},"end":{"line":1099,"column":63}},"1099":{"start":{"line":1100,"column":0},"end":{"line":1100,"column":97}},"1100":{"start":{"line":1101,"column":0},"end":{"line":1101,"column":23}},"1101":{"start":{"line":1102,"column":0},"end":{"line":1102,"column":124}},"1102":{"start":{"line":1103,"column":0},"end":{"line":1103,"column":45}},"1103":{"start":{"line":1104,"column":0},"end":{"line":1104,"column":12}},"1104":{"start":{"line":1105,"column":0},"end":{"line":1105,"column":16}},"1105":{"start":{"line":1106,"column":0},"end":{"line":1106,"column":38}},"1106":{"start":{"line":1107,"column":0},"end":{"line":1107,"column":42}},"1107":{"start":{"line":1108,"column":0},"end":{"line":1108,"column":45}},"1108":{"start":{"line":1109,"column":0},"end":{"line":1109,"column":6}},"1109":{"start":{"line":1110,"column":0},"end":{"line":1110,"column":5}},"1110":{"start":{"line":1111,"column":0},"end":{"line":1111,"column":36}},"1111":{"start":{"line":1112,"column":0},"end":{"line":1112,"column":33}},"1112":{"start":{"line":1113,"column":0},"end":{"line":1113,"column":108}},"1113":{"start":{"line":1114,"column":0},"end":{"line":1114,"column":90}},"1114":{"start":{"line":1115,"column":0},"end":{"line":1115,"column":32}},"1115":{"start":{"line":1116,"column":0},"end":{"line":1116,"column":129}},"1117":{"start":{"line":1118,"column":0},"end":{"line":1118,"column":10}},"1118":{"start":{"line":1119,"column":0},"end":{"line":1119,"column":31}},"1119":{"start":{"line":1120,"column":0},"end":{"line":1120,"column":33}},"1120":{"start":{"line":1121,"column":0},"end":{"line":1121,"column":13}},"1121":{"start":{"line":1122,"column":0},"end":{"line":1122,"column":55}},"1122":{"start":{"line":1123,"column":0},"end":{"line":1123,"column":42}},"1123":{"start":{"line":1124,"column":0},"end":{"line":1124,"column":14}},"1124":{"start":{"line":1125,"column":0},"end":{"line":1125,"column":40}},"1125":{"start":{"line":1126,"column":0},"end":{"line":1126,"column":32}},"1126":{"start":{"line":1127,"column":0},"end":{"line":1127,"column":117}},"1128":{"start":{"line":1129,"column":0},"end":{"line":1129,"column":21}},"1129":{"start":{"line":1130,"column":0},"end":{"line":1130,"column":121}},"1131":{"start":{"line":1132,"column":0},"end":{"line":1132,"column":21}},"1132":{"start":{"line":1133,"column":0},"end":{"line":1133,"column":125}},"1134":{"start":{"line":1135,"column":0},"end":{"line":1135,"column":21}},"1135":{"start":{"line":1136,"column":0},"end":{"line":1136,"column":139}},"1137":{"start":{"line":1138,"column":0},"end":{"line":1138,"column":21}},"1138":{"start":{"line":1139,"column":0},"end":{"line":1139,"column":16}},"1139":{"start":{"line":1140,"column":0},"end":{"line":1140,"column":108}},"1140":{"start":{"line":1141,"column":0},"end":{"line":1141,"column":54}},"1141":{"start":{"line":1142,"column":0},"end":{"line":1142,"column":19}},"1142":{"start":{"line":1143,"column":0},"end":{"line":1143,"column":14}},"1143":{"start":{"line":1144,"column":0},"end":{"line":1144,"column":15}},"1145":{"start":{"line":1146,"column":0},"end":{"line":1146,"column":26}},"1146":{"start":{"line":1147,"column":0},"end":{"line":1147,"column":23}},"1147":{"start":{"line":1148,"column":0},"end":{"line":1148,"column":25}},"1148":{"start":{"line":1149,"column":0},"end":{"line":1149,"column":21}},"1149":{"start":{"line":1150,"column":0},"end":{"line":1150,"column":35}},"1150":{"start":{"line":1151,"column":0},"end":{"line":1151,"column":48}},"1151":{"start":{"line":1152,"column":0},"end":{"line":1152,"column":35}},"1152":{"start":{"line":1153,"column":0},"end":{"line":1153,"column":35}},"1153":{"start":{"line":1154,"column":0},"end":{"line":1154,"column":96}},"1154":{"start":{"line":1155,"column":0},"end":{"line":1155,"column":94}},"1155":{"start":{"line":1156,"column":0},"end":{"line":1156,"column":10}},"1156":{"start":{"line":1157,"column":0},"end":{"line":1157,"column":15}},"1158":{"start":{"line":1159,"column":0},"end":{"line":1159,"column":28}},"1159":{"start":{"line":1160,"column":0},"end":{"line":1160,"column":24}},"1160":{"start":{"line":1161,"column":0},"end":{"line":1161,"column":21}},"1161":{"start":{"line":1162,"column":0},"end":{"line":1162,"column":35}},"1162":{"start":{"line":1163,"column":0},"end":{"line":1163,"column":41}},"1163":{"start":{"line":1164,"column":0},"end":{"line":1164,"column":43}},"1164":{"start":{"line":1165,"column":0},"end":{"line":1165,"column":37}},"1165":{"start":{"line":1166,"column":0},"end":{"line":1166,"column":49}},"1166":{"start":{"line":1167,"column":0},"end":{"line":1167,"column":61}},"1167":{"start":{"line":1168,"column":0},"end":{"line":1168,"column":47}},"1168":{"start":{"line":1169,"column":0},"end":{"line":1169,"column":40}},"1169":{"start":{"line":1170,"column":0},"end":{"line":1170,"column":33}},"1170":{"start":{"line":1171,"column":0},"end":{"line":1171,"column":46}},"1171":{"start":{"line":1172,"column":0},"end":{"line":1172,"column":52}},"1172":{"start":{"line":1173,"column":0},"end":{"line":1173,"column":45}},"1173":{"start":{"line":1174,"column":0},"end":{"line":1174,"column":52}},"1174":{"start":{"line":1175,"column":0},"end":{"line":1175,"column":54}},"1175":{"start":{"line":1176,"column":0},"end":{"line":1176,"column":47}},"1176":{"start":{"line":1177,"column":0},"end":{"line":1177,"column":60}},"1177":{"start":{"line":1178,"column":0},"end":{"line":1178,"column":48}},"1178":{"start":{"line":1179,"column":0},"end":{"line":1179,"column":10}},"1179":{"start":{"line":1180,"column":0},"end":{"line":1180,"column":15}},"1181":{"start":{"line":1182,"column":0},"end":{"line":1182,"column":30}},"1182":{"start":{"line":1183,"column":0},"end":{"line":1183,"column":29}},"1183":{"start":{"line":1184,"column":0},"end":{"line":1184,"column":21}},"1184":{"start":{"line":1185,"column":0},"end":{"line":1185,"column":37}},"1185":{"start":{"line":1186,"column":0},"end":{"line":1186,"column":37}},"1186":{"start":{"line":1187,"column":0},"end":{"line":1187,"column":39}},"1187":{"start":{"line":1188,"column":0},"end":{"line":1188,"column":41}},"1188":{"start":{"line":1189,"column":0},"end":{"line":1189,"column":53}},"1189":{"start":{"line":1190,"column":0},"end":{"line":1190,"column":65}},"1190":{"start":{"line":1191,"column":0},"end":{"line":1191,"column":65}},"1191":{"start":{"line":1192,"column":0},"end":{"line":1192,"column":65}},"1192":{"start":{"line":1193,"column":0},"end":{"line":1193,"column":53}},"1193":{"start":{"line":1194,"column":0},"end":{"line":1194,"column":51}},"1194":{"start":{"line":1195,"column":0},"end":{"line":1195,"column":40}},"1195":{"start":{"line":1196,"column":0},"end":{"line":1196,"column":37}},"1196":{"start":{"line":1197,"column":0},"end":{"line":1197,"column":48}},"1197":{"start":{"line":1198,"column":0},"end":{"line":1198,"column":50}},"1198":{"start":{"line":1199,"column":0},"end":{"line":1199,"column":64}},"1199":{"start":{"line":1200,"column":0},"end":{"line":1200,"column":64}},"1200":{"start":{"line":1201,"column":0},"end":{"line":1201,"column":52}},"1201":{"start":{"line":1202,"column":0},"end":{"line":1202,"column":55}},"1202":{"start":{"line":1203,"column":0},"end":{"line":1203,"column":59}},"1203":{"start":{"line":1204,"column":0},"end":{"line":1204,"column":49}},"1204":{"start":{"line":1205,"column":0},"end":{"line":1205,"column":53}},"1205":{"start":{"line":1206,"column":0},"end":{"line":1206,"column":51}},"1206":{"start":{"line":1207,"column":0},"end":{"line":1207,"column":10}},"1207":{"start":{"line":1208,"column":0},"end":{"line":1208,"column":15}},"1209":{"start":{"line":1210,"column":0},"end":{"line":1210,"column":37}},"1210":{"start":{"line":1211,"column":0},"end":{"line":1211,"column":27}},"1211":{"start":{"line":1212,"column":0},"end":{"line":1212,"column":21}},"1212":{"start":{"line":1213,"column":0},"end":{"line":1213,"column":41}},"1213":{"start":{"line":1214,"column":0},"end":{"line":1214,"column":45}},"1214":{"start":{"line":1215,"column":0},"end":{"line":1215,"column":40}},"1215":{"start":{"line":1216,"column":0},"end":{"line":1216,"column":39}},"1216":{"start":{"line":1217,"column":0},"end":{"line":1217,"column":52}},"1217":{"start":{"line":1218,"column":0},"end":{"line":1218,"column":10}},"1218":{"start":{"line":1219,"column":0},"end":{"line":1219,"column":15}},"1220":{"start":{"line":1221,"column":0},"end":{"line":1221,"column":54}},"1221":{"start":{"line":1222,"column":0},"end":{"line":1222,"column":22}},"1222":{"start":{"line":1223,"column":0},"end":{"line":1223,"column":21}},"1223":{"start":{"line":1224,"column":0},"end":{"line":1224,"column":35}},"1224":{"start":{"line":1225,"column":0},"end":{"line":1225,"column":31}},"1225":{"start":{"line":1226,"column":0},"end":{"line":1226,"column":57}},"1226":{"start":{"line":1227,"column":0},"end":{"line":1227,"column":57}},"1227":{"start":{"line":1228,"column":0},"end":{"line":1228,"column":57}},"1228":{"start":{"line":1229,"column":0},"end":{"line":1229,"column":45}},"1229":{"start":{"line":1230,"column":0},"end":{"line":1230,"column":35}},"1230":{"start":{"line":1231,"column":0},"end":{"line":1231,"column":49}},"1
[...]
70,"loc":{"start":{"line":70,"column":23},"end":{"line":73,"column":8}},"locations":[{"start":{"line":70,"column":23},"end":{"line":73,"column":8}}]},"19":{"type":"branch","line":72,"loc":{"start":{"line":72,"column":50},"end":{"line":72,"column":58}},"locations":[{"start":{"line":72,"column":50},"end":{"line":72,"column":58}}]},"20":{"type":"branch","line":78,"loc":{"start":{"line":78,"column":7},"end":{"line":81,"column":1}},"locations":[{"start":{"line":78,"column":7},"end":{"line":81,"column":1}}]},"21":{"type":"branch","line":79,"loc":{"start":{"line":79,"column":63},"end":{"line":79,"column":75}},"locations":[{"start":{"line":79,"column":63},"end":{"line":79,"column":75}}]},"22":{"type":"branch","line":79,"loc":{"start":{"line":79,"column":29},"end":{"line":79,"column":60}},"locations":[{"start":{"line":79,"column":29},"end":{"line":79,"column":60}}]},"23":{"type":"branch","line":80,"loc":{"start":{"line":80,"column":39},"end":{"line":80,"column":60}},"locations":[{"start":{"line":80,"column":39},"end":{"line":80,"column":60}}]},"24":{"type":"branch","line":83,"loc":{"start":{"line":83,"column":7},"end":{"line":86,"column":1}},"locations":[{"start":{"line":83,"column":7},"end":{"line":86,"column":1}}]},"25":{"type":"branch","line":84,"loc":{"start":{"line":84,"column":35},"end":{"line":84,"column":96}},"locations":[{"start":{"line":84,"column":35},"end":{"line":84,"column":96}}]},"26":{"type":"branch","line":84,"loc":{"start":{"line":84,"column":61},"end":{"line":84,"column":95}},"locations":[{"start":{"line":84,"column":61},"end":{"line":84,"column":95}}]},"27":{"type":"branch","line":85,"loc":{"start":{"line":85,"column":42},"end":{"line":85,"column":63}},"locations":[{"start":{"line":85,"column":42},"end":{"line":85,"column":63}}]},"28":{"type":"branch","line":88,"loc":{"start":{"line":88,"column":7},"end":{"line":91,"column":1}},"locations":[{"start":{"line":88,"column":7},"end":{"line":91,"column":1}}]},"29":{"type":"branch","line":89,"loc":{"start":{"line":89,"column":32},"end":{"line":89,"column":69}},"locations":[{"start":{"line":89,"column":32},"end":{"line":89,"column":69}}]},"30":{"type":"branch","line":90,"loc":{"start":{"line":90,"column":39},"end":{"line":90,"column":60}},"locations":[{"start":{"line":90,"column":39},"end":{"line":90,"column":60}}]},"31":{"type":"branch","line":93,"loc":{"start":{"line":93,"column":7},"end":{"line":96,"column":1}},"locations":[{"start":{"line":93,"column":7},"end":{"line":96,"column":1}}]},"32":{"type":"branch","line":94,"loc":{"start":{"line":94,"column":35},"end":{"line":94,"column":74}},"locations":[{"start":{"line":94,"column":35},"end":{"line":94,"column":74}}]},"33":{"type":"branch","line":95,"loc":{"start":{"line":95,"column":42},"end":{"line":95,"column":63}},"locations":[{"start":{"line":95,"column":42},"end":{"line":95,"column":63}}]},"34":{"type":"branch","line":98,"loc":{"start":{"line":98,"column":0},"end":{"line":111,"column":1}},"locations":[{"start":{"line":98,"column":0},"end":{"line":111,"column":1}}]},"35":{"type":"branch","line":99,"loc":{"start":{"line":99,"column":27},"end":{"line":101,"column":3}},"locations":[{"start":{"line":99,"column":27},"end":{"line":101,"column":3}}]},"36":{"type":"branch","line":104,"loc":{"start":{"line":104,"column":37},"end":{"line":106,"column":3}},"locations":[{"start":{"line":104,"column":37},"end":{"line":106,"column":3}}]},"37":{"type":"branch","line":106,"loc":{"start":{"line":106,"column":2},"end":{"line":107,"column":25}},"locations":[{"start":{"line":106,"column":2},"end":{"line":107,"column":25}}]},"38":{"type":"branch","line":107,"loc":{"start":{"line":107,"column":25},"end":{"line":109,"column":3}},"locations":[{"start":{"line":107,"column":25},"end":{"line":109,"column":3}}]},"39":{"type":"branch","line":109,"loc":{"start":{"line":109,"column":2},"end":{"line":111,"column":1}},"locations":[{"start":{"line":109,"column":2},"end":{"line":111,"column":1}}]}},"b":{"0":[1],"1":[3],"2":[1],"3":[1],"4":[3],"5":[1],"6":[2],"7":[2],"8":[3],"9":[0],"10":[2],"11":[0],"12":[0],"13":[4],"14":[10],"15":[3],"16":[7],"17":[10],"18":[10],"19":[0],"20":[1],"21":[0],"22":[1],"23":[2],"24":[2],"25":[4],"26":[8],"27":[4],"28":[1],"29":[3],"30":[2],"31":[2],"32":[6],"33":[3],"34":[6],"35":[0],"36":[1],"37":[5],"38":[2],"39":[3]},"fnMap":{"0":{"name":"buildDisplayHall","decl":{"start":{"line":5,"column":7},"end":{"line":38,"column":1}},"loc":{"start":{"line":5,"column":7},"end":{"line":38,"column":1}},"line":5},"1":{"name":"buildHallPreview","decl":{"start":{"line":40,"column":7},"end":{"line":76,"column":1}},"loc":{"start":{"line":40,"column":7},"end":{"line":76,"column":1}},"line":40},"2":{"name":"getHallPreviewRowState","decl":{"start":{"line":78,"column":7},"end":{"line":81,"column":1}},"loc":{"start":{"line":78,"column":7},"end":{"line":81,"column":1}},"line":78},"3":{"name":"getHallPreviewColumnState","decl":{"start":{"line":83,"column":7},"end":{"line":86,"column":1}},"loc":{"start":{"line":83,"column":7},"end":{"line":86,"column":1}},"line":83},"4":{"name":"getSeatRowState","decl":{"start":{"line":88,"column":7},"end":{"line":91,"column":1}},"loc":{"start":{"line":88,"column":7},"end":{"line":91,"column":1}},"line":88},"5":{"name":"getSeatColumnState","decl":{"start":{"line":93,"column":7},"end":{"line":96,"column":1}},"loc":{"start":{"line":93,"column":7},"end":{"line":96,"column":1}},"line":93},"6":{"name":"getActivityState","decl":{"start":{"line":98,"column":0},"end":{"line":111,"column":1}},"loc":{"start":{"line":98,"column":0},"end":{"line":111,"column":1}},"line":98}},"f":{"0":1,"1":2,"2":1,"3":2,"4":1,"5":2,"6":6}}
,"/home/pyot/RiderProjects/WebExeStarter/interface/src/utils/ticketLayout.ts": {"path":"/home/pyot/RiderProjects/WebExeStarter/interface/src/utils/ticketLayout.ts","all":false,"statementMap":{"0":{"start":{"line":1,"column":0},"end":{"line":1,"column":54}},"3":{"start":{"line":4,"column":0},"end":{"line":4,"column":40}},"4":{"start":{"line":5,"column":0},"end":{"line":5,"column":23}},"5":{"start":{"line":6,"column":0},"end":{"line":6,"column":27}},"6":{"start":{"line":7,"column":0},"end":{"line":7,"column":31}},"7":{"start":{"line":8,"column":0},"end":{"line":8,"column":16}},"8":{"start":{"line":9,"column":0},"end":{"line":9,"column":18}},"9":{"start":{"line":10,"column":0},"end":{"line":10,"column":10}},"10":{"start":{"line":11,"column":0},"end":{"line":11,"column":14}},"11":{"start":{"line":12,"column":0},"end":{"line":12,"column":13}},"12":{"start":{"line":13,"column":0},"end":{"line":13,"column":22}},"13":{"start":{"line":14,"column":0},"end":{"line":14,"column":58}},"14":{"start":{"line":15,"column":0},"end":{"line":15,"column":6}},"15":{"start":{"line":16,"column":0},"end":{"line":16,"column":4}},"16":{"start":{"line":17,"column":0},"end":{"line":17,"column":1}},"18":{"start":{"line":19,"column":0},"end":{"line":19,"column":80}},"19":{"start":{"line":20,"column":0},"end":{"line":20,"column":33}},"20":{"start":{"line":21,"column":0},"end":{"line":21,"column":23}},"21":{"start":{"line":22,"column":0},"end":{"line":22,"column":39}},"22":{"start":{"line":23,"column":0},"end":{"line":23,"column":6}},"23":{"start":{"line":24,"column":0},"end":{"line":24,"column":1}},"25":{"start":{"line":26,"column":0},"end":{"line":26,"column":125}},"26":{"start":{"line":27,"column":0},"end":{"line":27,"column":15}},"27":{"start":{"line":28,"column":0},"end":{"line":28,"column":40}},"28":{"start":{"line":29,"column":0},"end":{"line":29,"column":28}},"29":{"start":{"line":30,"column":0},"end":{"line":30,"column":31}},"30":{"start":{"line":31,"column":0},"end":{"line":31,"column":39}},"31":{"start":{"line":32,"column":0},"end":{"line":32,"column":24}},"32":{"start":{"line":33,"column":0},"end":{"line":33,"column":8}},"33":{"start":{"line":34,"column":0},"end":{"line":34,"column":1}},"35":{"start":{"line":36,"column":0},"end":{"line":36,"column":71}},"36":{"start":{"line":37,"column":0},"end":{"line":37,"column":10}},"37":{"start":{"line":38,"column":0},"end":{"line":38,"column":31}},"38":{"start":{"line":39,"column":0},"end":{"line":39,"column":27}},"39":{"start":{"line":40,"column":0},"end":{"line":40,"column":29}},"40":{"start":{"line":41,"column":0},"end":{"line":41,"column":4}},"41":{"start":{"line":42,"column":0},"end":{"line":42,"column":1}},"43":{"start":{"line":44,"column":0},"end":{"line":44,"column":66}},"44":{"start":{"line":45,"column":0},"end":{"line":45,"column":25}},"45":{"start":{"line":46,"column":0},"end":{"line":46,"column":12}},"46":{"start":{"line":47,"column":0},"end":{"line":47,"column":37}},"47":{"start":{"line":48,"column":0},"end":{"line":48,"column":37}},"48":{"start":{"line":49,"column":0},"end":{"line":49,"column":43}},"49":{"start":{"line":50,"column":0},"end":{"line":50,"column":42}},"50":{"start":{"line":51,"column":0},"end":{"line":51,"column":6}},"51":{"start":{"line":52,"column":0},"end":{"line":52,"column":10}},"52":{"start":{"line":53,"column":0},"end":{"line":53,"column":35}},"53":{"start":{"line":54,"column":0},"end":{"line":54,"column":35}},"54":{"start":{"line":55,"column":0},"end":{"line":55,"column":41}},"55":{"start":{"line":56,"column":0},"end":{"line":56,"column":40}},"56":{"start":{"line":57,"column":0},"end":{"line":57,"column":6}},"57":{"start":{"line":58,"column":0},"end":{"line":58,"column":11}},"58":{"start":{"line":59,"column":0},"end":{"line":59,"column":36}},"59":{"start":{"line":60,"column":0},"end":{"line":60,"column":36}},"60":{"start":{"line":61,"column":0},"end":{"line":61,"column":42}},"61":{"start":{"line":62,"column":0},"end":{"line":62,"column":41}},"62":{"start":{"line":63,"column":0},"end":{"line":63,"column":6}},"63":{"start":{"line":64,"column":0},"end":{"line":64,"column":5}},"64":{"start":{"line":65,"column":0},"end":{"line":65,"column":1}},"66":{"start":{"line":67,"column":0},"end":{"line":67,"column":86}},"67":{"start":{"line":68,"column":0},"end":{"line":68,"column":10}},"68":{"start":{"line":69,"column":0},"end":{"line":69,"column":12}},"69":{"start":{"line":70,"column":0},"end":{"line":70,"column":68}},"70":{"start":{"line":71,"column":0},"end":{"line":71,"column":68}},"71":{"start":{"line":72,"column":0},"end":{"line":72,"column":77}},"72":{"start":{"line":73,"column":0},"end":{"line":73,"column":72}},"73":{"start":{"line":74,"column":0},"end":{"line":74,"column":6}},"74":{"start":{"line":75,"column":0},"end":{"line":75,"column":10}},"75":{"start":{"line":76,"column":0},"end":{"line":76,"column":64}},"76":{"start":{"line":77,"column":0},"end":{"line":77,"column":64}},"77":{"start":{"line":78,"column":0},"end":{"line":78,"column":73}},"78":{"start":{"line":79,"column":0},"end":{"line":79,"column":68}},"79":{"start":{"line":80,"column":0},"end":{"line":80,"column":6}},"80":{"start":{"line":81,"column":0},"end":{"line":81,"column":11}},"81":{"start":{"line":82,"column":0},"end":{"line":82,"column":66}},"82":{"start":{"line":83,"column":0},"end":{"line":83,"column":66}},"83":{"start":{"line":84,"column":0},"end":{"line":84,"column":75}},"84":{"start":{"line":85,"column":0},"end":{"line":85,"column":70}},"85":{"start":{"line":86,"column":0},"end":{"line":86,"column":6}},"86":{"start":{"line":87,"column":0},"end":{"line":87,"column":4}},"87":{"start":{"line":88,"column":0},"end":{"line":88,"column":1}}},"s":{"0":1,"3":1,"4":2,"5":2,"6":2,"7":2,"8":2,"9":2,"10":2,"11":2,"12":2,"13":2,"14":2,"15":2,"16":2,"18":1,"19":1,"20":1,"21":1,"22":1,"23":1,"25":1,"26":1,"27":1,"28":1,"29":2,"30":2,"31":2,"32":1,"33":1,"35":1,"36":1,"37":1,"38":1,"39":1,"40":1,"41":1,"43":1,"44":1,"45":1,"46":1,"47":1,"48":1,"49":1,"50":1,"51":1,"52":1,"53":1,"54":1,"55":1,"56":1,"57":1,"58":1,"59":1,"60":1,"61":1,"62":1,"63":1,"64":1,"66":1,"67":1,"68":1,"69":1,"70":1,"71":1,"72":1,"73":1,"74":1,"75":1,"76":1,"77":1,"78":1,"79":1,"80":1,"81":1,"82":1,"83":1,"84":1,"85":1,"86":1,"87":1},"branchMap":{"0":{"type":"branch","line":4,"loc":{"start":{"line":4,"column":7},"end":{"line":17,"column":1}},"locations":[{"start":{"line":4,"column":7},"end":{"line":17,"column":1}}]},"1":{"type":"branch","line":14,"loc":{"start":{"line":14,"column":21},"end":{"line":14,"column":39}},"locations":[{"start":{"line":14,"column":21},"end":{"line":14,"column":39}}]},"2":{"type":"branch","line":14,"loc":{"start":{"line":14,"column":31},"end":{"line":14,"column":58}},"locations":[{"start":{"line":14,"column":31},"end":{"line":14,"column":58}}]},"3":{"type":"branch","line":14,"loc":{"start":{"line":14,"column":46},"end":{"line":14,"column":56}},"locations":[{"start":{"line":14,"column":46},"end":{"line":14,"column":56}}]},"4":{"type":"branch","line":19,"loc":{"start":{"line":19,"column":7},"end":{"line":24,"column":1}},"locations":[{"start":{"line":19,"column":7},"end":{"line":24,"column":1}}]},"5":{"type":"branch","line":20,"loc":{"start":{"line":20,"column":20},"end":{"line":23,"column":4}},"locations":[{"start":{"line":20,"column":20},"end":{"line":23,"column":4}}]},"6":{"type":"branch","line":26,"loc":{"start":{"line":26,"column":7},"end":{"line":34,"column":1}},"locations":[{"start":{"line":26,"column":7},"end":{"line":34,"column":1}}]},"7":{"type":"branch","line":28,"loc":{"start":{"line":28,"column":12},"end":{"line":28,"column":39}},"locations":[{"start":{"line":28,"column":12},"end":{"line":28,"column":39}}]},"8":{"type":"branch","line":29,"loc":{"start":{"line":29,"column":9},"end":{"line":33,"column":6}},"locations":[{"start":{"line":29,"column":9},"end":{"line":33,"column":6}}]},"9":{"type":"branch","line":31,"loc":{"start":{"line":31,"column":26},"end":{"line":31,"column":37}},"locations":[{"start":{"line":31,"column":26},"end":{"line":31,"column":37}}]},"10":{"type":"branch","line":36,"loc":{"start":{"line":36,"column":7},"end":{"line":42,"column":1}},"locations":[{"start":{"line":36,"column":7},"end":{"line":42,"column":1}}]},"11":{"type":"branch","line":44,"loc":{"start":{"line":44,"column":7},"end":{"line":65,"column":1}},"locations":[{"start":{"line":44,"column":7},"end":{"line":65,"column":1}}]},"12":{"type":"branch","line":47,"loc":{"start":{"line":47,"column":29},"end":{"line":47,"column":35}},"locations":[{"start":{"line":47,"column":29},"end":{"line":47,"column":35}}]},"13":{"type":"branch","line":48,"loc":{"start":{"line":48,"column":29},"end":{"line":48,"column":35}},"locations":[{"start":{"line":48,"column":29},"end":{"line":48,"column":35}}]},"14":{"type":"branch","line":49,"loc":{"start":{"line":49,"column":32},"end":{"line":49,"column":41}},"locations":[{"start":{"line":49,"column":32},"end":{"line":49,"column":41}}]},"15":{"type":"branch","line":50,"loc":{"start":{"line":50,"column":26},"end":{"line":50,"column":42}},"locations":[{"start":{"line":50,"column":26},"end":{"line":50,"column":42}}]},"16":{"type":"branch","line":53,"loc":{"start":{"line":53,"column":27},"end":{"line":53,"column":33}},"locations":[{"start":{"line":53,"column":27},"end":{"line":53,"column":33}}]},"17":{"type":"branch","line":54,"loc":{"start":{"line":54,"column":27},"end":{"line":54,"column":33}},"locations":[{"start":{"line":54,"column":27},"end":{"line":54,"column":33}}]},"18":{"type":"branch","line":55,"loc":{"start":{"line":55,"column":30},"end":{"line":55,"column":39}},"locations":[{"start":{"line":55,"column":30},"end":{"line":55,"column":39}}]},"19":{"type":"branch","line":56,"loc":{"start":{"line":56,"column":24},"end":{"line":56,"column":40}},"locations":[{"start":{"line":56,"column":24},"end":{"line":56,"column":40}}]},"20":{"type":"branch","line":59,"loc":{"start":{"line":59,"column":28},"end":{"line":59,"column":34}},"locations":[{"start":{"line":59,"column":28},"end":{"line":59,"column":34}}]},"21":{"type":"branch","line":60,"loc":{"start":{"line":60,"column":28},"end":{"line":60,"column":34}},"locations":[{"start":{"line":60,"column":28},"end":{"line":60,"column":34}}]},"22":{"type":"branch","line":61,"loc":{"start":{"line":61,"column":31},"end":{"line":61,"column":40}},"locations":[{"start":{"line":61,"column":31},"end":{"line":61,"column":40}}]},"23":{"type":"branch","line":62,"loc":{"start":{"line":62,"column":25},"end":{"line":62,"column":41}},"locations":[{"start":{"line":62,"column":25},"end":{"line":62,"column":41}}]},"24":{"type":"branch","line":67,"loc":{"start":{"line":67,"column":7},"end":{"line":88,"column":1}},"locations":[{"start":{"line":67,"column":7},"end":{"line":88,"column":1}}]},"25":{"type":"branch","line":70,"loc":{"start":{"line":70,"column":31},"end":{"line":70,"column":66}},"locations":[{"start":{"line":70,"column":31},"end":{"line":70,"column":66}}]},"26":{"type":"branch","line":71,"loc":{"start":{"line":71,"column":31},"end":{"line":71,"column":66}},"locations":[{"start":{"line":71,"column":31},"end":{"line":71,"column":66}}]},"27":{"type":"branch","line":72,"loc":{"start":{"line":72,"column":34},"end":{"line":72,"column":75}},"locations":[{"start":{"line":72,"column":34},"end":{"line":72,"column":75}}]},"28":{"type":"branch","line":73,"loc":{"start":{"line":73,"column":28},"end":{"line":73,"column":72}},"locations":[{"start":{"line":73,"column":28},"end":{"line":73,"column":72}}]},"29":{"type":"branch","line":76,"loc":{"start":{"line":76,"column":29},"end":{"line":76,"column":62}},"locations":[{"start":{"line":76,"column":29},"end":{"line":76,"column":62}}]},"30":{"type":"branch","line":77,"loc":{"start":{"line":77,"column":29},"end":{"line":77,"column":62}},"locations":[{"start":{"line":77,"column":29},"end":{"line":77,"column":62}}]},"31":{"type":"branch","line":78,"loc":{"start":{"line":78,"column":32},"end":{"line":78,"column":71}},"locations":[{"start":{"line":78,"column":32},"end":{"line":78,"column":71}}]},"32":{"type":"branch","line":79,"loc":{"start":{"line":79,"column":26},"end":{"line":79,"column":68}},"locations":[{"start":{"line":79,"column":26},"end":{"line":79,"column":68}}]},"33":{"type":"branch","line":82,"loc":{"start":{"line":82,"column":30},"end":{"line":82,"column":64}},"locations":[{"start":{"line":82,"column":30},"end":{"line":82,"column":64}}]},"34":{"type":"branch","line":83,"loc":{"start":{"line":83,"column":30},"end":{"line":83,"column":64}},"locations":[{"start":{"line":83,"column":30},"end":{"line":83,"column":64}}]},"35":{"type":"branch","line":84,"loc":{"start":{"line":84,"column":33},"end":{"line":84,"column":73}},"locations":[{"start":{"line":84,"column":33},"end":{"line":84,"column":73}}]},"36":{"type":"branch","line":85,"loc":{"start":{"line":85,"column":27},"end":{"line":85,"column":70}},"locations":[{"start":{"line":85,"column":27},"end":{"line":85,"column":70}}]}},"b":{"0":[2],"1":[1],"2":[1],"3":[0],"4":[1],"5":[1],"6":[1],"7":[3],"8":[2],"9":[0],"10":[1],"11":[1],"12":[0],"13":[0],"14":[0],"15":[0],"16":[0],"17":[0],"18":[0],"19":[0],"20":[0],"21":[0],"22":[0],"23":[0],"24":[1],"25":[0],"26":[0],"27":[0],"28":[0],"29":[0],"30":[0],"31":[0],"32":[0],"33":[0],"34":[0],"35":[0],"36":[0]},"fnMap":{"0":{"name":"updateTicketLayoutValue","decl":{"start":{"line":4,"column":7},"end":{"line":17,"column":1}},"loc":{"start":{"line":4,"column":7},"end":{"line":17,"column":1}},"line":4},"1":{"name":"priceDraftsFromTemplate","decl":{"start":{"line":19,"column":7},"end":{"line":24,"column":1}},"loc":{"start":{"line":19,"column":7},"end":{"line":24,"column":1}},"line":19},"2":{"name":"priceTemplateFromDrafts","decl":{"start":{"line":26,"column":7},"end":{"line":34,"column":1}},"loc":{"start":{"line":26,"column":7},"end":{"line":34,"column":1}},"line":26},"3":{"name":"cloneTicketLayout","decl":{"start":{"line":36,"column":7},"end":{"line":42,"column":1}},"loc":{"start":{"line":36,"column":7},"end":{"line":42,"column":1}},"line":36},"4":{"name":"ticketLayoutToJson","decl":{"start":{"line":44,"column":7},"end":{"line":65,"column":1}},"loc":{"start":{"line":44,"column":7},"end":{"line":65,"column":1}},"line":44},"5":{"name":"layoutFromApi","decl":{"start":{"line":67,"column":7},"end":{"line":88,"column":1}},"loc":{"start":{"line":67,"column":7},"end":{"line":88,"column":1}},"line":67}},"f":{"0":2,"1":1,"2":1,"3":1,"4":1,"5":1}}
}
